Using pre-set license
Built from '2022.3/staging' branch; Version is '2022.3.30f1 (70558241b701) revision 7361922'; Using compiler version '192829333'; Build Type 'Release'
OS: 'Windows 11  (10.0.22631) 64bit Core' Language: 'ko' Physical Memory: 32433 MB
BatchMode: 1, IsHumanControllingUs: 0, StartBugReporterOnCrash: 0, Is64bit: 1, IsPro: 1

COMMAND LINE ARGUMENTS:
D:\배건우\Unity\2022.3.30f1\Editor\Unity.exe
-adb2
-batchMode
-noUpm
-name
AssetImportWorker15
-projectPath
C:/Users/USER/Desktop/AnimalPark/Game
-logFile
Logs/AssetImportWorker15.log
-srvPort
59285
Successfully changed project path to: C:/Users/USER/Desktop/AnimalPark/Game
C:/Users/USER/Desktop/AnimalPark/Game
[UnityMemory] Configuration Parameters - Can be set up in boot.config
    "memorysetup-bucket-allocator-granularity=16"
    "memorysetup-bucket-allocator-bucket-count=8"
    "memorysetup-bucket-allocator-block-size=33554432"
    "memorysetup-bucket-allocator-block-count=8"
    "memorysetup-main-allocator-block-size=16777216"
    "memorysetup-thread-allocator-block-size=16777216"
    "memorysetup-gfx-main-allocator-block-size=16777216"
    "memorysetup-gfx-thread-allocator-block-size=16777216"
    "memorysetup-cache-allocator-block-size=4194304"
    "memorysetup-typetree-allocator-block-size=2097152"
    "memorysetup-profiler-bucket-allocator-granularity=16"
    "memorysetup-profiler-bucket-allocator-bucket-count=8"
    "memorysetup-profiler-bucket-allocator-block-size=33554432"
    "memorysetup-profiler-bucket-allocator-block-count=8"
    "memorysetup-profiler-allocator-block-size=16777216"
    "memorysetup-profiler-editor-allocator-block-size=1048576"
    "memorysetup-temp-allocator-size-main=16777216"
    "memorysetup-job-temp-allocator-block-size=2097152"
    "memorysetup-job-temp-allocator-block-size-background=1048576"
    "memorysetup-job-temp-allocator-reduction-small-platforms=262144"
    "memorysetup-allocator-temp-initial-block-size-main=262144"
    "memorysetup-allocator-temp-initial-block-size-worker=262144"
    "memorysetup-temp-allocator-size-background-worker=32768"
    "memorysetup-temp-allocator-size-job-worker=262144"
    "memorysetup-temp-allocator-size-preload-manager=33554432"
    "memorysetup-temp-allocator-size-nav-mesh-worker=65536"
    "memorysetup-temp-allocator-size-audio-worker=65536"
    "memorysetup-temp-allocator-size-cloud-worker=32768"
    "memorysetup-temp-allocator-size-gi-baking-worker=262144"
    "memorysetup-temp-allocator-size-gfx=262144"
Player connection [14996] Host "[IP] 172.30.1.16 [Port] 0 [Flags] 2 [Guid] 872837675 [EditorId] 872837675 [Version] 1048832 [Id] WindowsEditor(7,DESKTOP-RP4F926) [Debug] 1 [PackageName] WindowsEditor [ProjectName] Editor" joined multi-casting on [225.0.0.222:54997]...

Player connection [14996] Host "[IP] 172.30.1.16 [Port] 0 [Flags] 2 [Guid] 872837675 [EditorId] 872837675 [Version] 1048832 [Id] WindowsEditor(7,DESKTOP-RP4F926) [Debug] 1 [PackageName] WindowsEditor [ProjectName] Editor" joined alternative multi-casting on [225.0.0.222:34997]...

[Physics::Module] Initialized MultithreadedJobDispatcher with 19 workers.
Refreshing native plugins compatible for Editor in 17.74 ms, found 3 plugins.
Preloading 0 native plugins for Editor in 0.00 ms.
Initialize engine version: 2022.3.30f1 (70558241b701)
[Subsystems] Discovering subsystems at path D:/배건우/Unity/2022.3.30f1/Editor/Data/Resources/UnitySubsystems
[Subsystems] Discovering subsystems at path C:/Users/USER/Desktop/AnimalPark/Game/Assets
GfxDevice: creating device client; threaded=0; jobified=0
Direct3D:
    Version:  Direct3D 11.0 [level 11.1]
    Renderer: NVIDIA GeForce RTX 3060 Laptop GPU (ID=0x2520)
    Vendor:   NVIDIA
    VRAM:     5996 MB
    Driver:   32.0.15.5613
Initialize mono
Mono path[0] = 'D:/배건우/Unity/2022.3.30f1/Editor/Data/Managed'
Mono path[1] = 'D:/배건우/Unity/2022.3.30f1/Editor/Data/MonoBleedingEdge/lib/mono/unityjit-win32'
Mono config path = 'D:/배건우/Unity/2022.3.30f1/Editor/Data/MonoBleedingEdge/etc'
Using monoOptions --debugger-agent=transport=dt_socket,embedding=1,server=y,suspend=n,address=127.0.0.1:56700
Begin MonoManager ReloadAssembly
Registering precompiled unity dll's ...
Register platform support module: D:/배건우/Unity/2022.3.30f1/Editor/Data/PlaybackEngines/WindowsStandaloneSupport/UnityEditor.WindowsStandalone.Extensions.dll
Registered in 0.002283 seconds.
- Loaded All Assemblies, in  0.250 seconds
Native extension for WindowsStandalone target not found
Mono: successfully reloaded assembly
- Finished resetting the current domain, in  0.201 seconds
Domain Reload Profiling: 450ms
	BeginReloadAssembly (82ms)
		ExecutionOrderSort (0ms)
		DisableScriptedObjects (0ms)
		BackupInstance (0ms)
		ReleaseScriptingObjects (0ms)
		CreateAndSetChildDomain (0ms)
	RebuildCommonClasses (23ms)
	RebuildNativeTypeToScriptingClass (7ms)
	initialDomainReloadingComplete (36ms)
	LoadAllAssembliesAndSetupDomain (100ms)
		LoadAssemblies (82ms)
		RebuildTransferFunctionScriptingTraits (0ms)
		AnalyzeDomain (98ms)
			TypeCache.Refresh (97ms)
				TypeCache.ScanAssembly (88ms)
			ScanForSourceGeneratedMonoScriptInfo (0ms)
			ResolveRequiredComponents (0ms)
	FinalizeReload (201ms)
		ReleaseScriptCaches (0ms)
		RebuildScriptCaches (0ms)
		SetupLoadedEditorAssemblies (161ms)
			LogAssemblyErrors (0ms)
			InitializePlatformSupportModulesInManaged (5ms)
			SetLoadedEditorAssemblies (6ms)
			RefreshPlugins (0ms)
			BeforeProcessingInitializeOnLoad (1ms)
			ProcessInitializeOnLoadAttributes (106ms)
			ProcessInitializeOnLoadMethodAttributes (42ms)
			AfterProcessingInitializeOnLoad (0ms)
			EditorAssembliesLoaded (0ms)
		ExecutionOrderSort2 (0ms)
		AwakeInstancesAfterBackupRestoration (0ms)
========================================================================
Worker process is ready to serve import requests
Begin MonoManager ReloadAssembly
- Loaded All Assemblies, in  0.686 seconds
Refreshing native plugins compatible for Editor in 6.76 ms, found 3 plugins.
Native extension for WindowsStandalone target not found
Package Manager log level set to [2]
[Package Manager] Server::EnsureServerProcessIsRunning -- launch failed, reason: Unity was launched with the -noUpm command-line argument
[Package Manager] UpmClient::Send -- Unable to send message (not connected to UPM process).
[Package Manager] Cannot connect to Unity Package Manager local server
Mono: successfully reloaded assembly
- Finished resetting the current domain, in  0.574 seconds
Domain Reload Profiling: 1255ms
	BeginReloadAssembly (139ms)
		ExecutionOrderSort (0ms)
		DisableScriptedObjects (3ms)
		BackupInstance (0ms)
		ReleaseScriptingObjects (0ms)
		CreateAndSetChildDomain (15ms)
	RebuildCommonClasses (27ms)
	RebuildNativeTypeToScriptingClass (8ms)
	initialDomainReloadingComplete (32ms)
	LoadAllAssembliesAndSetupDomain (476ms)
		LoadAssemblies (374ms)
		RebuildTransferFunctionScriptingTraits (0ms)
		AnalyzeDomain (195ms)
			TypeCache.Refresh (168ms)
				TypeCache.ScanAssembly (155ms)
			ScanForSourceGeneratedMonoScriptInfo (18ms)
			ResolveRequiredComponents (8ms)
	FinalizeReload (574ms)
		ReleaseScriptCaches (0ms)
		RebuildScriptCaches (0ms)
		SetupLoadedEditorAssemblies (439ms)
			LogAssemblyErrors (0ms)
			InitializePlatformSupportModulesInManaged (3ms)
			SetLoadedEditorAssemblies (4ms)
			RefreshPlugins (0ms)
			BeforeProcessingInitializeOnLoad (72ms)
			ProcessInitializeOnLoadAttributes (307ms)
			ProcessInitializeOnLoadMethodAttributes (51ms)
			AfterProcessingInitializeOnLoad (2ms)
			EditorAssembliesLoaded (0ms)
		ExecutionOrderSort2 (0ms)
		AwakeInstancesAfterBackupRestoration (12ms)
Launched and connected shader compiler UnityShaderCompiler.exe after 0.04 seconds
Refreshing native plugins compatible for Editor in 5.45 ms, found 3 plugins.
Preloading 0 native plugins for Editor in 0.00 ms.
Unloading 5652 Unused Serialized files (Serialized files now loaded: 0)
Unloading 72 unused Assets / (1.5 MB). Loaded Objects now: 6118.
Memory consumption went from 220.0 MB to 218.5 MB.
Total: 3.159700 ms (FindLiveObjects: 0.301600 ms CreateObjectMapping: 0.209100 ms MarkObjects: 2.297700 ms  DeleteObjects: 0.350700 ms)

AssetImportParameters requested are different than current active one (requested -> active):
  custom:container-demuxer-ogg: 62fdf1f143b41e24485cea50d1cbac27 -> 
  custom:video-codec-MediaFoundation-h265: 746d11721c4dcdbdad8f713fa42b33f4 -> 
  custom:video-decoder-ogg-theora: a1e56fd34408186e4bbccfd4996cb3dc -> 
  custom:framework-win-MediaFoundation: 216162199b28c13a410421893ffa2e32 -> 
  custom:CustomObjectIndexerAttribute: 72b91833f83ae208fae7752999fa3104 -> 
  custom:container-demuxer-webm: 4f35f7cbe854078d1ac9338744f61a02 -> 
  custom:container-muxer-webm: aa71ff27fc2769a1b78a27578f13a17b -> 
  custom:video-decoder-webm-vp8: 9c59270c3fd7afecdb556c50c9e8de78 -> 
  custom:SearchIndexIgnoredProperties: e643bd26f0fe6173181afceb89e7c659 -> 
  custom:AudioImporter_EditorPlatform: d09bf68614088b80899f8185d706f6e7 -> 
  custom:video-encoder-webm-vp8: eb34c28f22e8b96e1ab97ce403110664 -> 
  custom:audio-decoder-ogg-vorbis: bf7c407c2cedff20999df2af8eb42d56 -> 
  custom:audio-encoder-webm-vorbis: bf7c407c2cedff20999df2af8eb42d56 -> 
========================================================================
Received Import Request.
  Time since last request: 124394.572214 seconds.
  path: Assets/Animals!/Ogg/Chicken/chicken_affirmative_01.ogg
  artifactKey: Guid(4cf92a4aaf6672e46bcad225c23c03f8) Importer(815301076,1909f56bfc062723c751e8b465ee728b)
Start importing Assets/Animals!/Ogg/Chicken/chicken_affirmative_01.ogg using Guid(4cf92a4aaf6672e46bcad225c23c03f8) Importer(815301076,1909f56bfc062723c751e8b465ee728b)  -> (artifact id: '2d88fc45011242b4833c6d8192dad5fa') in 0.094451 seconds
Number of updated asset objects reloaded before import = 0
Number of asset objects unloaded after import = 2
========================================================================
Received Import Request.
  Time since last request: 0.000018 seconds.
  path: Assets/Animals!/Ogg/Chicken/chicken_grunt_01.ogg
  artifactKey: Guid(5830145f4b23e4a44adb061950a2acef) Importer(815301076,1909f56bfc062723c751e8b465ee728b)
Start importing Assets/Animals!/Ogg/Chicken/chicken_grunt_01.ogg using Guid(5830145f4b23e4a44adb061950a2acef) Importer(815301076,1909f56bfc062723c751e8b465ee728b)  -> (artifact id: '59d97dfcd6738386c629dcde4a17fb33') in 0.014867 seconds
Number of updated asset objects reloaded before import = 0
Number of asset objects unloaded after import = 2
========================================================================
Received Import Request.
  Time since last request: 0.000014 seconds.
  path: Assets/Animals!/Ogg/Chicken/chicken_male_01.ogg
  artifactKey: Guid(48f6126f92178f74fa97feb4a1ad24c2) Importer(815301076,1909f56bfc062723c751e8b465ee728b)
Start importing Assets/Animals!/Ogg/Chicken/chicken_male_01.ogg using Guid(48f6126f92178f74fa97feb4a1ad24c2) Importer(815301076,1909f56bfc062723c751e8b465ee728b)  -> (artifact id: 'ca2ae054952957db4be558ecd0830e7c') in 0.011453 seconds
Number of updated asset objects reloaded before import = 0
Number of asset objects unloaded after import = 2
========================================================================
Received Import Request.
  Time since last request: 0.457906 seconds.
  path: Assets/Animals!/Ogg/Cowz/cow_affirmative_01.ogg
  artifactKey: Guid(343acfc53df60dc44b53cd3a55d49f2d) Importer(815301076,1909f56bfc062723c751e8b465ee728b)
Start importing Assets/Animals!/Ogg/Cowz/cow_affirmative_01.ogg using Guid(343acfc53df60dc44b53cd3a55d49f2d) Importer(815301076,1909f56bfc062723c751e8b465ee728b)  -> (artifact id: '59b9bea4563b30104e992c9405fe1193') in 0.012816 seconds
Number of updated asset objects reloaded before import = 0
Number of asset objects unloaded after import = 2
========================================================================
Received Import Request.
  Time since last request: 0.000012 seconds.
  path: Assets/Animals!/Ogg/Cowz/cow_short_moo_03.ogg
  artifactKey: Guid(43d9410e748d40447846295f76c1d9de) Importer(815301076,1909f56bfc062723c751e8b465ee728b)
Start importing Assets/Animals!/Ogg/Cowz/cow_short_moo_03.ogg using Guid(43d9410e748d40447846295f76c1d9de) Importer(815301076,1909f56bfc062723c751e8b465ee728b)  -> (artifact id: 'e3206bbdce37e9b16d91062d4fe243ae') in 0.010329 seconds
Number of updated asset objects reloaded before import = 0
Number of asset objects unloaded after import = 2
========================================================================
Received Import Request.
  Time since last request: 0.000014 seconds.
  path: Assets/Animals!/Ogg/Cowz/cow_long_moo_02.ogg
  artifactKey: Guid(a311cb85595889245994c35daadb2e0f) Importer(815301076,1909f56bfc062723c751e8b465ee728b)
Start importing Assets/Animals!/Ogg/Cowz/cow_long_moo_02.ogg using Guid(a311cb85595889245994c35daadb2e0f) Importer(815301076,1909f56bfc062723c751e8b465ee728b)  -> (artifact id: 'bd08816155de809f0478545b90508c67') in 0.015032 seconds
Number of updated asset objects reloaded before import = 0
Number of asset objects unloaded after import = 2
========================================================================
Received Import Request.
  Time since last request: 1.035507 seconds.
  path: Assets/Animals!/Ogg/Dog/Dog_big_woof_01.ogg
  artifactKey: Guid(fa8ffe678ed19aa4f96494ea6aac7c25) Importer(815301076,1909f56bfc062723c751e8b465ee728b)
Start importing Assets/Animals!/Ogg/Dog/Dog_big_woof_01.ogg using Guid(fa8ffe678ed19aa4f96494ea6aac7c25) Importer(815301076,1909f56bfc062723c751e8b465ee728b)  -> (artifact id: '9f17315c8a89aa43aea681e3d1f07eda') in 0.007920 seconds
Number of updated asset objects reloaded before import = 0
Number of asset objects unloaded after import = 2
========================================================================
Received Import Request.
  Time since last request: 0.000012 seconds.
  path: Assets/Animals!/Ogg/Dog/Dog_puppy_growl_03.ogg
  artifactKey: Guid(d2840ed36ddc43248a2d8cba9b725338) Importer(815301076,1909f56bfc062723c751e8b465ee728b)
Start importing Assets/Animals!/Ogg/Dog/Dog_puppy_growl_03.ogg using Guid(d2840ed36ddc43248a2d8cba9b725338) Importer(815301076,1909f56bfc062723c751e8b465ee728b)  -> (artifact id: '7a1638968e1b876353a8d6482229bd25') in 0.010747 seconds
Number of updated asset objects reloaded before import = 0
Number of asset objects unloaded after import = 2
========================================================================
Received Import Request.
  Time since last request: 0.000012 seconds.
  path: Assets/Animals!/Ogg/Dog/Dog_breathing_02.ogg
  artifactKey: Guid(2815421ab91fe0248927a706c65969ff) Importer(815301076,1909f56bfc062723c751e8b465ee728b)
Start importing Assets/Animals!/Ogg/Dog/Dog_breathing_02.ogg using Guid(2815421ab91fe0248927a706c65969ff) Importer(815301076,1909f56bfc062723c751e8b465ee728b)  -> (artifact id: '480c6d02f49cc8632478229c3e076445') in 0.012686 seconds
Number of updated asset objects reloaded before import = 0
Number of asset objects unloaded after import = 2
========================================================================
Received Import Request.
  Time since last request: 0.000015 seconds.
  path: Assets/Animals!/Ogg/Dog/Dog_puppy_woof_05.ogg
  artifactKey: Guid(73b3ceeabec91374fb21b56e90d8c9d4) Importer(815301076,1909f56bfc062723c751e8b465ee728b)
Start importing Assets/Animals!/Ogg/Dog/Dog_puppy_woof_05.ogg using Guid(73b3ceeabec91374fb21b56e90d8c9d4) Importer(815301076,1909f56bfc062723c751e8b465ee728b)  -> (artifact id: '7ab3746c4915639d4f565aa5bf0a955e') in 0.008386 seconds
Number of updated asset objects reloaded before import = 0
Number of asset objects unloaded after import = 2
========================================================================
Received Import Request.
  Time since last request: 0.000013 seconds.
  path: Assets/Animals!/Ogg/Dog/Dog_puppy_growl_02.ogg
  artifactKey: Guid(88d02ac7444b188428e02ca462b5ae30) Importer(815301076,1909f56bfc062723c751e8b465ee728b)
Start importing Assets/Animals!/Ogg/Dog/Dog_puppy_growl_02.ogg using Guid(88d02ac7444b188428e02ca462b5ae30) Importer(815301076,1909f56bfc062723c751e8b465ee728b)  -> (artifact id: 'd1259c09c789a11fe56c042c70473809') in 0.009735 seconds
Number of updated asset objects reloaded before import = 0
Number of asset objects unloaded after import = 2
========================================================================
Received Import Request.
  Time since last request: 0.000012 seconds.
  path: Assets/Animals!/Ogg/Dog/Dog_puppy_woof_04.ogg
  artifactKey: Guid(06bfcb9bf0cdaef43aac4460dbc7a381) Importer(815301076,1909f56bfc062723c751e8b465ee728b)
Start importing Assets/Animals!/Ogg/Dog/Dog_puppy_woof_04.ogg using Guid(06bfcb9bf0cdaef43aac4460dbc7a381) Importer(815301076,1909f56bfc062723c751e8b465ee728b)  -> (artifact id: 'e75b09f80d233c9c87e00efcab16e075') in 0.010463 seconds
Number of updated asset objects reloaded before import = 0
Number of asset objects unloaded after import = 2
========================================================================
Received Import Request.
  Time since last request: 0.278334 seconds.
  path: Assets/Animals!/Ogg/Duck/duck_quak_01.ogg
  artifactKey: Guid(82d67e9da9c04bb4aa46e87c2132e75c) Importer(815301076,1909f56bfc062723c751e8b465ee728b)
Start importing Assets/Animals!/Ogg/Duck/duck_quak_01.ogg using Guid(82d67e9da9c04bb4aa46e87c2132e75c) Importer(815301076,1909f56bfc062723c751e8b465ee728b)  -> (artifact id: '7c9d742a08593b6c2a165d09e44d52c8') in 0.014908 seconds
Number of updated asset objects reloaded before import = 0
Number of asset objects unloaded after import = 2
========================================================================
Received Import Request.
  Time since last request: 0.000013 seconds.
  path: Assets/Animals!/Ogg/Duck/duck_squak_action_01.ogg
  artifactKey: Guid(aae199171f28a6248a02f92a8f2c133a) Importer(815301076,1909f56bfc062723c751e8b465ee728b)
Start importing Assets/Animals!/Ogg/Duck/duck_squak_action_01.ogg using Guid(aae199171f28a6248a02f92a8f2c133a) Importer(815301076,1909f56bfc062723c751e8b465ee728b)  -> (artifact id: '1c875e5f1268cd393708ce8b0355e93b') in 0.019360 seconds
Number of updated asset objects reloaded before import = 0
Number of asset objects unloaded after import = 2
========================================================================
Received Import Request.
  Time since last request: 0.000012 seconds.
  path: Assets/Animals!/Ogg/Duck/duck_slur_02.ogg
  artifactKey: Guid(f1df62739c06add4486d3f3de6ec1b00) Importer(815301076,1909f56bfc062723c751e8b465ee728b)
Start importing Assets/Animals!/Ogg/Duck/duck_slur_02.ogg using Guid(f1df62739c06add4486d3f3de6ec1b00) Importer(815301076,1909f56bfc062723c751e8b465ee728b)  -> (artifact id: 'f37b72e2bad01e1c092b5ae3a09776cd') in 0.021199 seconds
Number of updated asset objects reloaded before import = 0
Number of asset objects unloaded after import = 2
========================================================================
Received Import Request.
  Time since last request: 0.955022 seconds.
  path: Assets/Animals!/Ogg/Eagle/Eagle_call_01.ogg
  artifactKey: Guid(1a8f706444d43dc4abd20b44e905a1a7) Importer(815301076,1909f56bfc062723c751e8b465ee728b)
Start importing Assets/Animals!/Ogg/Eagle/Eagle_call_01.ogg using Guid(1a8f706444d43dc4abd20b44e905a1a7) Importer(815301076,1909f56bfc062723c751e8b465ee728b)  -> (artifact id: '251f63c10326001601c9356d6186b4f2') in 0.016671 seconds
Number of updated asset objects reloaded before import = 0
Number of asset objects unloaded after import = 2
========================================================================
Received Import Request.
  Time since last request: 0.000013 seconds.
  path: Assets/Animals!/Ogg/Eagle/Eagle_single_flapping_02.ogg
  artifactKey: Guid(63c7029a1aef49840b3b686194d4ddd1) Importer(815301076,1909f56bfc062723c751e8b465ee728b)
Start importing Assets/Animals!/Ogg/Eagle/Eagle_single_flapping_02.ogg using Guid(63c7029a1aef49840b3b686194d4ddd1) Importer(815301076,1909f56bfc062723c751e8b465ee728b)  -> (artifact id: '6973a8892ab7eaf907ded1ca7d0ad25e') in 0.017710 seconds
Number of updated asset objects reloaded before import = 0
Number of asset objects unloaded after import = 2
========================================================================
Received Import Request.
  Time since last request: 0.000016 seconds.
  path: Assets/Animals!/Ogg/Eagle/Eagle_flapping_02.ogg
  artifactKey: Guid(2437c5cc201bebf4097504fe19c7bfde) Importer(815301076,1909f56bfc062723c751e8b465ee728b)
Start importing Assets/Animals!/Ogg/Eagle/Eagle_flapping_02.ogg using Guid(2437c5cc201bebf4097504fe19c7bfde) Importer(815301076,1909f56bfc062723c751e8b465ee728b)  -> (artifact id: 'cea1ac8a54f220a8c31a8ee03d4a2da3') in 0.012894 seconds
Number of updated asset objects reloaded before import = 0
Number of asset objects unloaded after import = 2
========================================================================
Received Import Request.
  Time since last request: 10.349140 seconds.
  path: Assets/Animals!/Ogg/Fish/Fish_blurp_01.ogg
  artifactKey: Guid(4be66c035c59c6b4bafdece45ce503d5) Importer(815301076,1909f56bfc062723c751e8b465ee728b)
Start importing Assets/Animals!/Ogg/Fish/Fish_blurp_01.ogg using Guid(4be66c035c59c6b4bafdece45ce503d5) Importer(815301076,1909f56bfc062723c751e8b465ee728b)  -> (artifact id: 'ea22d1892374a74ac213d264bc703c7d') in 0.008770 seconds
Number of updated asset objects reloaded before import = 0
Number of asset objects unloaded after import = 2
========================================================================
Received Import Request.
  Time since last request: 0.000017 seconds.
  path: Assets/Animals!/Ogg/Fish/Fish_flaps_02.ogg
  artifactKey: Guid(9f96556182f69cc4e88f6687c23e5329) Importer(815301076,1909f56bfc062723c751e8b465ee728b)
Start importing Assets/Animals!/Ogg/Fish/Fish_flaps_02.ogg using Guid(9f96556182f69cc4e88f6687c23e5329) Importer(815301076,1909f56bfc062723c751e8b465ee728b)  -> (artifact id: '0759634dc41acfe3e9b50d2ce34aac17') in 0.013229 seconds
Number of updated asset objects reloaded before import = 0
Number of asset objects unloaded after import = 2
========================================================================
Received Import Request.
  Time since last request: 0.000012 seconds.
  path: Assets/Animals!/Ogg/Fish/Fish_single_bubble_01.ogg
  artifactKey: Guid(7438ce56cf9096a44bb845597f90b384) Importer(815301076,1909f56bfc062723c751e8b465ee728b)
Start importing Assets/Animals!/Ogg/Fish/Fish_single_bubble_01.ogg using Guid(7438ce56cf9096a44bb845597f90b384) Importer(815301076,1909f56bfc062723c751e8b465ee728b)  -> (artifact id: '100cf11172cb6f01c189971d44e3f0c1') in 0.008224 seconds
Number of updated asset objects reloaded before import = 0
Number of asset objects unloaded after import = 2
========================================================================
Received Import Request.
  Time since last request: 10.267620 seconds.
  path: Assets/Animals!/Ogg/Horse/Horse_lip_flap_01.ogg
  artifactKey: Guid(a85fda03d0bc39e4e938cc882c2561db) Importer(815301076,1909f56bfc062723c751e8b465ee728b)
Start importing Assets/Animals!/Ogg/Horse/Horse_lip_flap_01.ogg using Guid(a85fda03d0bc39e4e938cc882c2561db) Importer(815301076,1909f56bfc062723c751e8b465ee728b)  -> (artifact id: 'cb92af432927519d55b5b626086a7bf0') in 0.021434 seconds
Number of updated asset objects reloaded before import = 0
Number of asset objects unloaded after import = 2
========================================================================
Received Import Request.
  Time since last request: 0.000015 seconds.
  path: Assets/Animals!/Ogg/Horse/Horse_yee_ha.ogg
  artifactKey: Guid(eea3a3748f1f575468467c5139710e38) Importer(815301076,1909f56bfc062723c751e8b465ee728b)
Start importing Assets/Animals!/Ogg/Horse/Horse_yee_ha.ogg using Guid(eea3a3748f1f575468467c5139710e38) Importer(815301076,1909f56bfc062723c751e8b465ee728b)  -> (artifact id: 'f0da001cabec0fbdec7eded4109f900f') in 0.017944 seconds
Number of updated asset objects reloaded before import = 0
Number of asset objects unloaded after import = 2
========================================================================
Received Import Request.
  Time since last request: 7.571215 seconds.
  path: Assets/Animals!/Ogg/Monkey/monkey_grunt_01.ogg
  artifactKey: Guid(d9d0d7d4769702b40b8a7ab4c90de4ac) Importer(815301076,1909f56bfc062723c751e8b465ee728b)
Start importing Assets/Animals!/Ogg/Monkey/monkey_grunt_01.ogg using Guid(d9d0d7d4769702b40b8a7ab4c90de4ac) Importer(815301076,1909f56bfc062723c751e8b465ee728b)  -> (artifact id: 'd246be90d17977d67a59c9ec53e17cd7') in 0.017223 seconds
Number of updated asset objects reloaded before import = 0
Number of asset objects unloaded after import = 2
========================================================================
Received Import Request.
  Time since last request: 0.000017 seconds.
  path: Assets/Animals!/Ogg/Monkey/monkey_scared_02.ogg
  artifactKey: Guid(3e78e6ff930a42b49aa10b6f1a583a00) Importer(815301076,1909f56bfc062723c751e8b465ee728b)
Start importing Assets/Animals!/Ogg/Monkey/monkey_scared_02.ogg using Guid(3e78e6ff930a42b49aa10b6f1a583a00) Importer(815301076,1909f56bfc062723c751e8b465ee728b)  -> (artifact id: 'f102e7c432599484fc1471f8b1c65d2e') in 0.027703 seconds
Number of updated asset objects reloaded before import = 0
Number of asset objects unloaded after import = 2
========================================================================
Received Import Request.
  Time since last request: 7.414977 seconds.
  path: Assets/Animals!/Ogg/Sheep/sheep_beeh_01.ogg
  artifactKey: Guid(dad7d66905d3a164ca925255991871f4) Importer(815301076,1909f56bfc062723c751e8b465ee728b)
Start importing Assets/Animals!/Ogg/Sheep/sheep_beeh_01.ogg using Guid(dad7d66905d3a164ca925255991871f4) Importer(815301076,1909f56bfc062723c751e8b465ee728b)  -> (artifact id: 'e7c592ee25f75e07138ec39a2c25d4a7') in 0.019702 seconds
Number of updated asset objects reloaded before import = 0
Number of asset objects unloaded after import = 2
========================================================================
Received Import Request.
  Time since last request: 0.000012 seconds.
  path: Assets/Animals!/Ogg/Sheep/sheep_grunt_04.ogg
  artifactKey: Guid(390b72c934717814aa5475852f1d2e05) Importer(815301076,1909f56bfc062723c751e8b465ee728b)
Start importing Assets/Animals!/Ogg/Sheep/sheep_grunt_04.ogg using Guid(390b72c934717814aa5475852f1d2e05) Importer(815301076,1909f56bfc062723c751e8b465ee728b)  -> (artifact id: '639063bc299b3fff5ee6b9c798db53f8') in 0.022316 seconds
Number of updated asset objects reloaded before import = 0
Number of asset objects unloaded after import = 2
Editor requested this worker to shutdown with reason: Scaling down because of idle timeout
TcpMessagingSession - receive error
AssetImportWorkerClient::OnTransportError - code=2 error=End of file
AssetImportWorker is now disconnected from the server
Process exiting
Exiting without the bug reporter. Application will terminate with return code 0