Using pre-set license
Built from '2022.3/staging' branch; Version is '2022.3.30f1 (70558241b701) revision 7361922'; Using compiler version '192829333'; Build Type 'Release'
OS: 'Windows 11  (10.0.22631) 64bit Core' Language: 'ko' Physical Memory: 32433 MB
BatchMode: 1, IsHumanControllingUs: 0, StartBugReporterOnCrash: 0, Is64bit: 1, IsPro: 1

COMMAND LINE ARGUMENTS:
D:\배건우\Unity\2022.3.30f1\Editor\Unity.exe
-adb2
-batchMode
-noUpm
-name
AssetImportWorker19
-projectPath
C:/Users/USER/Desktop/AnimalPark/Game
-logFile
Logs/AssetImportWorker19.log
-srvPort
59285
Successfully changed project path to: C:/Users/USER/Desktop/AnimalPark/Game
C:/Users/USER/Desktop/AnimalPark/Game
[UnityMemory] Configuration Parameters - Can be set up in boot.config
    "memorysetup-bucket-allocator-granularity=16"
    "memorysetup-bucket-allocator-bucket-count=8"
    "memorysetup-bucket-allocator-block-size=33554432"
    "memorysetup-bucket-allocator-block-count=8"
    "memorysetup-main-allocator-block-size=16777216"
    "memorysetup-thread-allocator-block-size=16777216"
    "memorysetup-gfx-main-allocator-block-size=16777216"
    "memorysetup-gfx-thread-allocator-block-size=16777216"
    "memorysetup-cache-allocator-block-size=4194304"
    "memorysetup-typetree-allocator-block-size=2097152"
    "memorysetup-profiler-bucket-allocator-granularity=16"
    "memorysetup-profiler-bucket-allocator-bucket-count=8"
    "memorysetup-profiler-bucket-allocator-block-size=33554432"
    "memorysetup-profiler-bucket-allocator-block-count=8"
    "memorysetup-profiler-allocator-block-size=16777216"
    "memorysetup-profiler-editor-allocator-block-size=1048576"
    "memorysetup-temp-allocator-size-main=16777216"
    "memorysetup-job-temp-allocator-block-size=2097152"
    "memorysetup-job-temp-allocator-block-size-background=1048576"
    "memorysetup-job-temp-allocator-reduction-small-platforms=262144"
    "memorysetup-allocator-temp-initial-block-size-main=262144"
    "memorysetup-allocator-temp-initial-block-size-worker=262144"
    "memorysetup-temp-allocator-size-background-worker=32768"
    "memorysetup-temp-allocator-size-job-worker=262144"
    "memorysetup-temp-allocator-size-preload-manager=33554432"
    "memorysetup-temp-allocator-size-nav-mesh-worker=65536"
    "memorysetup-temp-allocator-size-audio-worker=65536"
    "memorysetup-temp-allocator-size-cloud-worker=32768"
    "memorysetup-temp-allocator-size-gi-baking-worker=262144"
    "memorysetup-temp-allocator-size-gfx=262144"
Player connection [16152] Host "[IP] 172.30.1.16 [Port] 0 [Flags] 2 [Guid] 3769638829 [EditorId] 3769638829 [Version] 1048832 [Id] WindowsEditor(7,DESKTOP-RP4F926) [Debug] 1 [PackageName] WindowsEditor [ProjectName] Editor" joined multi-casting on [225.0.0.222:54997]...

Player connection [16152] Host "[IP] 172.30.1.16 [Port] 0 [Flags] 2 [Guid] 3769638829 [EditorId] 3769638829 [Version] 1048832 [Id] WindowsEditor(7,DESKTOP-RP4F926) [Debug] 1 [PackageName] WindowsEditor [ProjectName] Editor" joined alternative multi-casting on [225.0.0.222:34997]...

[Physics::Module] Initialized MultithreadedJobDispatcher with 19 workers.
Refreshing native plugins compatible for Editor in 15.15 ms, found 3 plugins.
Preloading 0 native plugins for Editor in 0.00 ms.
Initialize engine version: 2022.3.30f1 (70558241b701)
[Subsystems] Discovering subsystems at path D:/배건우/Unity/2022.3.30f1/Editor/Data/Resources/UnitySubsystems
[Subsystems] Discovering subsystems at path C:/Users/USER/Desktop/AnimalPark/Game/Assets
GfxDevice: creating device client; threaded=0; jobified=0
Direct3D:
    Version:  Direct3D 11.0 [level 11.1]
    Renderer: NVIDIA GeForce RTX 3060 Laptop GPU (ID=0x2520)
    Vendor:   NVIDIA
    VRAM:     5996 MB
    Driver:   32.0.15.5613
Initialize mono
Mono path[0] = 'D:/배건우/Unity/2022.3.30f1/Editor/Data/Managed'
Mono path[1] = 'D:/배건우/Unity/2022.3.30f1/Editor/Data/MonoBleedingEdge/lib/mono/unityjit-win32'
Mono config path = 'D:/배건우/Unity/2022.3.30f1/Editor/Data/MonoBleedingEdge/etc'
Using monoOptions --debugger-agent=transport=dt_socket,embedding=1,server=y,suspend=n,address=127.0.0.1:56472
Begin MonoManager ReloadAssembly
Registering precompiled unity dll's ...
Register platform support module: D:/배건우/Unity/2022.3.30f1/Editor/Data/PlaybackEngines/WindowsStandaloneSupport/UnityEditor.WindowsStandalone.Extensions.dll
Registered in 0.002296 seconds.
- Loaded All Assemblies, in  0.287 seconds
Native extension for WindowsStandalone target not found
Mono: successfully reloaded assembly
- Finished resetting the current domain, in  0.203 seconds
Domain Reload Profiling: 489ms
	BeginReloadAssembly (97ms)
		ExecutionOrderSort (0ms)
		DisableScriptedObjects (0ms)
		BackupInstance (0ms)
		ReleaseScriptingObjects (0ms)
		CreateAndSetChildDomain (1ms)
	RebuildCommonClasses (33ms)
	RebuildNativeTypeToScriptingClass (12ms)
	initialDomainReloadingComplete (39ms)
	LoadAllAssembliesAndSetupDomain (106ms)
		LoadAssemblies (97ms)
		RebuildTransferFunctionScriptingTraits (0ms)
		AnalyzeDomain (105ms)
			TypeCache.Refresh (104ms)
				TypeCache.ScanAssembly (94ms)
			ScanForSourceGeneratedMonoScriptInfo (0ms)
			ResolveRequiredComponents (0ms)
	FinalizeReload (203ms)
		ReleaseScriptCaches (0ms)
		RebuildScriptCaches (0ms)
		SetupLoadedEditorAssemblies (161ms)
			LogAssemblyErrors (0ms)
			InitializePlatformSupportModulesInManaged (6ms)
			SetLoadedEditorAssemblies (6ms)
			RefreshPlugins (0ms)
			BeforeProcessingInitializeOnLoad (1ms)
			ProcessInitializeOnLoadAttributes (108ms)
			ProcessInitializeOnLoadMethodAttributes (41ms)
			AfterProcessingInitializeOnLoad (0ms)
			EditorAssembliesLoaded (0ms)
		ExecutionOrderSort2 (0ms)
		AwakeInstancesAfterBackupRestoration (0ms)
========================================================================
Worker process is ready to serve import requests
Begin MonoManager ReloadAssembly
- Loaded All Assemblies, in  0.636 seconds
Refreshing native plugins compatible for Editor in 7.36 ms, found 3 plugins.
Native extension for WindowsStandalone target not found
Package Manager log level set to [2]
[Package Manager] Server::EnsureServerProcessIsRunning -- launch failed, reason: Unity was launched with the -noUpm command-line argument
[Package Manager] UpmClient::Send -- Unable to send message (not connected to UPM process).
[Package Manager] Cannot connect to Unity Package Manager local server
Mono: successfully reloaded assembly
- Finished resetting the current domain, in  0.578 seconds
Domain Reload Profiling: 1210ms
	BeginReloadAssembly (118ms)
		ExecutionOrderSort (0ms)
		DisableScriptedObjects (4ms)
		BackupInstance (0ms)
		ReleaseScriptingObjects (0ms)
		CreateAndSetChildDomain (16ms)
	RebuildCommonClasses (23ms)
	RebuildNativeTypeToScriptingClass (7ms)
	initialDomainReloadingComplete (41ms)
	LoadAllAssembliesAndSetupDomain (442ms)
		LoadAssemblies (316ms)
		RebuildTransferFunctionScriptingTraits (0ms)
		AnalyzeDomain (199ms)
			TypeCache.Refresh (170ms)
				TypeCache.ScanAssembly (157ms)
			ScanForSourceGeneratedMonoScriptInfo (19ms)
			ResolveRequiredComponents (8ms)
	FinalizeReload (579ms)
		ReleaseScriptCaches (0ms)
		RebuildScriptCaches (0ms)
		SetupLoadedEditorAssemblies (425ms)
			LogAssemblyErrors (0ms)
			InitializePlatformSupportModulesInManaged (3ms)
			SetLoadedEditorAssemblies (4ms)
			RefreshPlugins (0ms)
			BeforeProcessingInitializeOnLoad (68ms)
			ProcessInitializeOnLoadAttributes (295ms)
			ProcessInitializeOnLoadMethodAttributes (53ms)
			AfterProcessingInitializeOnLoad (2ms)
			EditorAssembliesLoaded (0ms)
		ExecutionOrderSort2 (0ms)
		AwakeInstancesAfterBackupRestoration (11ms)
Launched and connected shader compiler UnityShaderCompiler.exe after 0.04 seconds
Refreshing native plugins compatible for Editor in 7.51 ms, found 3 plugins.
Preloading 0 native plugins for Editor in 0.00 ms.
Unloading 5652 Unused Serialized files (Serialized files now loaded: 0)
Unloading 72 unused Assets / (1.5 MB). Loaded Objects now: 6118.
Memory consumption went from 220.0 MB to 218.5 MB.
Total: 3.182200 ms (FindLiveObjects: 0.296500 ms CreateObjectMapping: 0.149300 ms MarkObjects: 2.357300 ms  DeleteObjects: 0.378600 ms)

AssetImportParameters requested are different than current active one (requested -> active):
  custom:container-demuxer-ogg: 62fdf1f143b41e24485cea50d1cbac27 -> 
  custom:video-codec-MediaFoundation-h265: 746d11721c4dcdbdad8f713fa42b33f4 -> 
  custom:video-decoder-ogg-theora: a1e56fd34408186e4bbccfd4996cb3dc -> 
  custom:framework-win-MediaFoundation: 216162199b28c13a410421893ffa2e32 -> 
  custom:CustomObjectIndexerAttribute: 72b91833f83ae208fae7752999fa3104 -> 
  custom:container-demuxer-webm: 4f35f7cbe854078d1ac9338744f61a02 -> 
  custom:container-muxer-webm: aa71ff27fc2769a1b78a27578f13a17b -> 
  custom:video-decoder-webm-vp8: 9c59270c3fd7afecdb556c50c9e8de78 -> 
  custom:SearchIndexIgnoredProperties: e643bd26f0fe6173181afceb89e7c659 -> 
  custom:AudioImporter_EditorPlatform: d09bf68614088b80899f8185d706f6e7 -> 
  custom:video-encoder-webm-vp8: eb34c28f22e8b96e1ab97ce403110664 -> 
  custom:audio-decoder-ogg-vorbis: bf7c407c2cedff20999df2af8eb42d56 -> 
  custom:audio-encoder-webm-vorbis: bf7c407c2cedff20999df2af8eb42d56 -> 
========================================================================
Received Import Request.
  Time since last request: 125297.102076 seconds.
  path: Assets/MainGame/Sounds/fireball-whoosh-5-179129.mp3
  artifactKey: Guid(fb73900573c1d7144871ea5b77e32cc2) Importer(815301076,1909f56bfc062723c751e8b465ee728b)
Start importing Assets/MainGame/Sounds/fireball-whoosh-5-179129.mp3 using Guid(fb73900573c1d7144871ea5b77e32cc2) Importer(815301076,1909f56bfc062723c751e8b465ee728b)  -> (artifact id: '571be55637290dac5c6093d50bc957a5') in 0.085838 seconds
Number of updated asset objects reloaded before import = 0
Number of asset objects unloaded after import = 2
========================================================================
Received Import Request.
  Time since last request: 14.542706 seconds.
  path: Assets/MainGame/Sounds/TaipanAttack.mp3
  artifactKey: Guid(fb73900573c1d7144871ea5b77e32cc2) Importer(815301076,1909f56bfc062723c751e8b465ee728b)
Start importing Assets/MainGame/Sounds/TaipanAttack.mp3 using Guid(fb73900573c1d7144871ea5b77e32cc2) Importer(815301076,1909f56bfc062723c751e8b465ee728b)  -> (artifact id: 'df19154e435b3bad604d78cdc4868689') in 0.009921 seconds
Number of updated asset objects reloaded before import = 0
Number of asset objects unloaded after import = 2
========================================================================
Received Import Request.
  Time since last request: 100.369284 seconds.
  path: Assets/MainGame/Sounds/zombie-bite-96528.mp3
  artifactKey: Guid(b11307a631a7a534ba9a0727dd8b96cf) Importer(815301076,1909f56bfc062723c751e8b465ee728b)
Start importing Assets/MainGame/Sounds/zombie-bite-96528.mp3 using Guid(b11307a631a7a534ba9a0727dd8b96cf) Importer(815301076,1909f56bfc062723c751e8b465ee728b)  -> (artifact id: '7546f30a6b87dec01b1881d3f9f08c4f') in 0.012852 seconds
Number of updated asset objects reloaded before import = 0
Number of asset objects unloaded after import = 2
========================================================================
Received Import Request.
  Time since last request: 8.592209 seconds.
  path: Assets/MainGame/Sounds/GeckoAttack.mp3
  artifactKey: Guid(b11307a631a7a534ba9a0727dd8b96cf) Importer(815301076,1909f56bfc062723c751e8b465ee728b)
Start importing Assets/MainGame/Sounds/GeckoAttack.mp3 using Guid(b11307a631a7a534ba9a0727dd8b96cf) Importer(815301076,1909f56bfc062723c751e8b465ee728b)  -> (artifact id: '4fadb7883fa3b3aa8cb8b29350942a60') in 0.010228 seconds
Number of updated asset objects reloaded before import = 0
Number of asset objects unloaded after import = 2
========================================================================
Received Import Request.
  Time since last request: 60.524913 seconds.
  path: Assets/MainGame/Sounds/sword-slash-with-metallic-impact-185435.mp3
  artifactKey: Guid(c13a9568db9dd6d449765cdc47b7fab1) Importer(815301076,1909f56bfc062723c751e8b465ee728b)
Start importing Assets/MainGame/Sounds/sword-slash-with-metallic-impact-185435.mp3 using Guid(c13a9568db9dd6d449765cdc47b7fab1) Importer(815301076,1909f56bfc062723c751e8b465ee728b)  -> (artifact id: 'ec046437f71515caebeab214ad96b1b5') in 0.012079 seconds
Number of updated asset objects reloaded before import = 0
Number of asset objects unloaded after import = 2
========================================================================
Received Import Request.
  Time since last request: 11.452019 seconds.
  path: Assets/MainGame/Sounds/TempHunterAttack.wav
  artifactKey: Guid(f11db4559b3ffff45b62e9327fc5535d) Importer(815301076,1909f56bfc062723c751e8b465ee728b)
Start importing Assets/MainGame/Sounds/TempHunterAttack.wav using Guid(f11db4559b3ffff45b62e9327fc5535d) Importer(815301076,1909f56bfc062723c751e8b465ee728b)  -> (artifact id: '2fb40b058bdefb18efead69f9817e79c') in 0.009953 seconds
Number of updated asset objects reloaded before import = 0
Number of asset objects unloaded after import = 2
========================================================================
Received Import Request.
  Time since last request: 30.804448 seconds.
  path: Assets/MainGame/Sounds/HunterAttack.mp3
  artifactKey: Guid(c13a9568db9dd6d449765cdc47b7fab1) Importer(815301076,1909f56bfc062723c751e8b465ee728b)
Start importing Assets/MainGame/Sounds/HunterAttack.mp3 using Guid(c13a9568db9dd6d449765cdc47b7fab1) Importer(815301076,1909f56bfc062723c751e8b465ee728b)  -> (artifact id: '192c8a0bcd0129cf900883435b7003f8') in 0.006886 seconds
Number of updated asset objects reloaded before import = 0
Number of asset objects unloaded after import = 2
========================================================================
Received Import Request.
  Time since last request: 79.026725 seconds.
  path: Assets/MainGame/Sounds/explosion-sound-effect-1-free-on-gamesfxpackscom-241821.mp3
  artifactKey: Guid(adccefccc18a84e4293f390fb126500f) Importer(815301076,1909f56bfc062723c751e8b465ee728b)
Start importing Assets/MainGame/Sounds/explosion-sound-effect-1-free-on-gamesfxpackscom-241821.mp3 using Guid(adccefccc18a84e4293f390fb126500f) Importer(815301076,1909f56bfc062723c751e8b465ee728b)  -> (artifact id: '37718446c4a2f49e7133bb448a8ff496') in 0.010179 seconds
Number of updated asset objects reloaded before import = 0
Number of asset objects unloaded after import = 2
========================================================================
Received Import Request.
  Time since last request: 17.450746 seconds.
  path: Assets/MainGame/Sounds/tempSquidAttack.wav
  artifactKey: Guid(1b2bb33ef9e463047bf31baeb666edb0) Importer(815301076,1909f56bfc062723c751e8b465ee728b)
Start importing Assets/MainGame/Sounds/tempSquidAttack.wav using Guid(1b2bb33ef9e463047bf31baeb666edb0) Importer(815301076,1909f56bfc062723c751e8b465ee728b)  -> (artifact id: '3f111212401fabee9254074bd6415533') in 0.006557 seconds
Number of updated asset objects reloaded before import = 0
Number of asset objects unloaded after import = 2
========================================================================
Received Import Request.
  Time since last request: 19.490470 seconds.
  path: Assets/MainGame/Sounds/SquidAttack.mp3
  artifactKey: Guid(adccefccc18a84e4293f390fb126500f) Importer(815301076,1909f56bfc062723c751e8b465ee728b)
Start importing Assets/MainGame/Sounds/SquidAttack.mp3 using Guid(adccefccc18a84e4293f390fb126500f) Importer(815301076,1909f56bfc062723c751e8b465ee728b)  -> (artifact id: '59198243b994a62faab2ba98cbe01047') in 0.010919 seconds
Number of updated asset objects reloaded before import = 0
Number of asset objects unloaded after import = 2
========================================================================
Received Import Request.
  Time since last request: 66.780327 seconds.
  path: Assets/MainGame/Sounds/rock-destroy-6409.mp3
  artifactKey: Guid(e82aa80ec26751f408371b1d83616273) Importer(815301076,1909f56bfc062723c751e8b465ee728b)
Start importing Assets/MainGame/Sounds/rock-destroy-6409.mp3 using Guid(e82aa80ec26751f408371b1d83616273) Importer(815301076,1909f56bfc062723c751e8b465ee728b)  -> (artifact id: '67b8ed10c9f4d20fdc2030a725b964cb') in 0.009994 seconds
Number of updated asset objects reloaded before import = 0
Number of asset objects unloaded after import = 2
========================================================================
Received Import Request.
  Time since last request: 16.102578 seconds.
  path: Assets/MainGame/Sounds/SheepAttack.mp3
  artifactKey: Guid(e82aa80ec26751f408371b1d83616273) Importer(815301076,1909f56bfc062723c751e8b465ee728b)
Start importing Assets/MainGame/Sounds/SheepAttack.mp3 using Guid(e82aa80ec26751f408371b1d83616273) Importer(815301076,1909f56bfc062723c751e8b465ee728b)  -> (artifact id: '22fcd361d1edd768da9f02599d0c43f5') in 0.008375 seconds
Number of updated asset objects reloaded before import = 0
Number of asset objects unloaded after import = 2
========================================================================
Received Import Request.
  Time since last request: 164.431403 seconds.
  path: Assets/MainGame/Sounds/firecracker-corsair-4-95046.mp3
  artifactKey: Guid(447f65a769eec4a48a23e0cb336452b7) Importer(815301076,1909f56bfc062723c751e8b465ee728b)
Start importing Assets/MainGame/Sounds/firecracker-corsair-4-95046.mp3 using Guid(447f65a769eec4a48a23e0cb336452b7) Importer(815301076,1909f56bfc062723c751e8b465ee728b)  -> (artifact id: 'c4e1b70a3e8eb42591ce461201e9fc15') in 0.016363 seconds
Number of updated asset objects reloaded before import = 0
Number of asset objects unloaded after import = 2
========================================================================
Received Import Request.
  Time since last request: 9.552764 seconds.
  path: Assets/MainGame/Sounds/banana.mp3
  artifactKey: Guid(447f65a769eec4a48a23e0cb336452b7) Importer(815301076,1909f56bfc062723c751e8b465ee728b)
Start importing Assets/MainGame/Sounds/banana.mp3 using Guid(447f65a769eec4a48a23e0cb336452b7) Importer(815301076,1909f56bfc062723c751e8b465ee728b)  -> (artifact id: '7dc5f7fbc587e6289a6955b817c0af3b') in 0.006412 seconds
Number of updated asset objects reloaded before import = 0
Number of asset objects unloaded after import = 2
========================================================================
Received Import Request.
  Time since last request: 139.574398 seconds.
  path: Assets/MainGame/Sounds/swing-whoosh-in-room-13-234267.mp3
  artifactKey: Guid(a9ba3d0389e162b43ac2b767d0796df0) Importer(815301076,1909f56bfc062723c751e8b465ee728b)
Start importing Assets/MainGame/Sounds/swing-whoosh-in-room-13-234267.mp3 using Guid(a9ba3d0389e162b43ac2b767d0796df0) Importer(815301076,1909f56bfc062723c751e8b465ee728b)  -> (artifact id: '807d08e0febc6c7ef956ef304a1a3e04') in 0.013934 seconds
Number of updated asset objects reloaded before import = 0
Number of asset objects unloaded after import = 2
========================================================================
Received Import Request.
  Time since last request: 18.348417 seconds.
  path: Assets/MainGame/Sounds/ColobusAttack.mp3
  artifactKey: Guid(a9ba3d0389e162b43ac2b767d0796df0) Importer(815301076,1909f56bfc062723c751e8b465ee728b)
Start importing Assets/MainGame/Sounds/ColobusAttack.mp3 using Guid(a9ba3d0389e162b43ac2b767d0796df0) Importer(815301076,1909f56bfc062723c751e8b465ee728b)  -> (artifact id: '8d576aee5ff0afdb5f661d81c2fc3440') in 0.006809 seconds
Number of updated asset objects reloaded before import = 0
Number of asset objects unloaded after import = 2
========================================================================
Received Import Request.
  Time since last request: 113.947379 seconds.
  path: Assets/MainGame/Sounds/magic-spell-impact-sound-effect-236815.mp3
  artifactKey: Guid(0ab5be1c50bd19a4ca7716f559070002) Importer(815301076,1909f56bfc062723c751e8b465ee728b)
Start importing Assets/MainGame/Sounds/magic-spell-impact-sound-effect-236815.mp3 using Guid(0ab5be1c50bd19a4ca7716f559070002) Importer(815301076,1909f56bfc062723c751e8b465ee728b)  -> (artifact id: 'ff81c5652e6a66ae24f2bf9a7809f4a0') in 0.008270 seconds
Number of updated asset objects reloaded before import = 0
Number of asset objects unloaded after import = 2
========================================================================
Received Import Request.
  Time since last request: 20.429333 seconds.
  path: Assets/MainGame/Sounds/penguinAttack.mp3
  artifactKey: Guid(0ab5be1c50bd19a4ca7716f559070002) Importer(815301076,1909f56bfc062723c751e8b465ee728b)
Start importing Assets/MainGame/Sounds/penguinAttack.mp3 using Guid(0ab5be1c50bd19a4ca7716f559070002) Importer(815301076,1909f56bfc062723c751e8b465ee728b)  -> (artifact id: '74701221ad620a439afc7fbe84b67e33') in 0.010536 seconds
Number of updated asset objects reloaded before import = 0
Number of asset objects unloaded after import = 2
========================================================================
Received Import Request.
  Time since last request: 339.016520 seconds.
  path: Assets/MainGame/Sounds/AnimalAttack
  artifactKey: Guid(f37af48b7321333479b3d0818590e5f1) Importer(815301076,1909f56bfc062723c751e8b465ee728b)
Start importing Assets/MainGame/Sounds/AnimalAttack using Guid(f37af48b7321333479b3d0818590e5f1) Importer(815301076,1909f56bfc062723c751e8b465ee728b)  -> (artifact id: '132de634f243ec154d5be0e5e53018fe') in 0.000609 seconds
Number of updated asset objects reloaded before import = 0
Number of asset objects unloaded after import = 0
========================================================================
Received Import Request.
  Time since last request: 5.874213 seconds.
  path: Assets/MainGame/Sounds/BGM
  artifactKey: Guid(24539c04b7c12ea4285371090cbc34d9) Importer(815301076,1909f56bfc062723c751e8b465ee728b)
Start importing Assets/MainGame/Sounds/BGM using Guid(24539c04b7c12ea4285371090cbc34d9) Importer(815301076,1909f56bfc062723c751e8b465ee728b)  -> (artifact id: '84413c56b64d4f7fb7bb74dfe7c33566') in 0.000934 seconds
Number of updated asset objects reloaded before import = 0
Number of asset objects unloaded after import = 0
========================================================================
Received Import Request.
  Time since last request: 7.030040 seconds.
  path: Assets/MainGame/Sounds/UISound
  artifactKey: Guid(baab47f95ccab3a4b86a7da71147bcf2) Importer(815301076,1909f56bfc062723c751e8b465ee728b)
Start importing Assets/MainGame/Sounds/UISound using Guid(baab47f95ccab3a4b86a7da71147bcf2) Importer(815301076,1909f56bfc062723c751e8b465ee728b)  -> (artifact id: '4ef3cb149a3edb742cf7b1ec01b23605') in 0.001051 seconds
Number of updated asset objects reloaded before import = 0
Number of asset objects unloaded after import = 0
========================================================================
Received Import Request.
  Time since last request: 444.883971 seconds.
  path: Assets/MainGame/Sounds/AnimalAttack/damage-40114.mp3
  artifactKey: Guid(c5ec7971cd4661748b9d8d2af02e23f8) Importer(815301076,1909f56bfc062723c751e8b465ee728b)
Start importing Assets/MainGame/Sounds/AnimalAttack/damage-40114.mp3 using Guid(c5ec7971cd4661748b9d8d2af02e23f8) Importer(815301076,1909f56bfc062723c751e8b465ee728b)  -> (artifact id: '6c68fcb0e83b8e9fbf6c4dea00f1f5bb') in 0.012029 seconds
Number of updated asset objects reloaded before import = 0
Number of asset objects unloaded after import = 2
========================================================================
Received Import Request.
  Time since last request: 85.237391 seconds.
  path: Assets/MainGame/Sounds/fire-magic-6947.mp3
  artifactKey: Guid(9422aecbdbdf941448ff6123b7996a85) Importer(815301076,1909f56bfc062723c751e8b465ee728b)
Start importing Assets/MainGame/Sounds/fire-magic-6947.mp3 using Guid(9422aecbdbdf941448ff6123b7996a85) Importer(815301076,1909f56bfc062723c751e8b465ee728b)  -> (artifact id: '3f1822164af8df79130822ce7d08fcc1') in 0.008286 seconds
Number of updated asset objects reloaded before import = 0
Number of asset objects unloaded after import = 2
========================================================================
Received Import Request.
  Time since last request: 183.333290 seconds.
  path: Assets/MainGame/Sounds/AnimalAttack/puduAttack.mp3
  artifactKey: Guid(e82aa80ec26751f408371b1d83616273) Importer(815301076,1909f56bfc062723c751e8b465ee728b)
Start importing Assets/MainGame/Sounds/AnimalAttack/puduAttack.mp3 using Guid(e82aa80ec26751f408371b1d83616273) Importer(815301076,1909f56bfc062723c751e8b465ee728b)  -> (artifact id: 'acaecceeb12a25e97e21f5b76cbdfa0f') in 0.007458 seconds
Number of updated asset objects reloaded before import = 0
Number of asset objects unloaded after import = 2
========================================================================
Received Import Request.
  Time since last request: 7.990846 seconds.
  path: Assets/MainGame/Sounds/AnimalAttack/SheepAttack.wav
  artifactKey: Guid(7c47b20bb9874304a809dc5580d403ba) Importer(815301076,1909f56bfc062723c751e8b465ee728b)
Start importing Assets/MainGame/Sounds/AnimalAttack/SheepAttack.wav using Guid(7c47b20bb9874304a809dc5580d403ba) Importer(815301076,1909f56bfc062723c751e8b465ee728b)  -> (artifact id: '5106919d784da7ab32b77f495905c2f2') in 0.008587 seconds
Number of updated asset objects reloaded before import = 0
Number of asset objects unloaded after import = 2
========================================================================
Received Import Request.
  Time since last request: 41.379474 seconds.
  path: Assets/MainGame/Sounds/BGM/tempMenu.wav
  artifactKey: Guid(475f4837af487ce4a9e68bb227455e4c) Importer(815301076,1909f56bfc062723c751e8b465ee728b)
Start importing Assets/MainGame/Sounds/BGM/tempMenu.wav using Guid(475f4837af487ce4a9e68bb227455e4c) Importer(815301076,1909f56bfc062723c751e8b465ee728b)  -> (artifact id: '80458c6ab23a8ee0bc5b96c59e29e4cf') in 0.263120 seconds
Number of updated asset objects reloaded before import = 0
Number of asset objects unloaded after import = 2
========================================================================
Received Import Request.
  Time since last request: 16.876159 seconds.
  path: Assets/MainGame/Sounds/tempHunterFire.wav
  artifactKey: Guid(a652877b012108e41871f867ada9f176) Importer(815301076,1909f56bfc062723c751e8b465ee728b)
Start importing Assets/MainGame/Sounds/tempHunterFire.wav using Guid(a652877b012108e41871f867ada9f176) Importer(815301076,1909f56bfc062723c751e8b465ee728b)  -> (artifact id: '10abbdefd2d352e400aec1bdbaddadf7') in 0.014820 seconds
Number of updated asset objects reloaded before import = 0
Number of asset objects unloaded after import = 2
========================================================================
Received Import Request.
  Time since last request: 12.444150 seconds.
  path: Assets/MainGame/Sounds/tempAnimalJump.wav
  artifactKey: Guid(ba39bf8baf6d13046889b2d64822381a) Importer(815301076,1909f56bfc062723c751e8b465ee728b)
Start importing Assets/MainGame/Sounds/tempAnimalJump.wav using Guid(ba39bf8baf6d13046889b2d64822381a) Importer(815301076,1909f56bfc062723c751e8b465ee728b)  -> (artifact id: '272b7465b1eddcc14421ca8dd850d123') in 0.012567 seconds
Number of updated asset objects reloaded before import = 0
Number of asset objects unloaded after import = 2
========================================================================
Received Import Request.
  Time since last request: 76.167712 seconds.
  path: Assets/MainGame/Sounds/UISound/level-up-47165.mp3
  artifactKey: Guid(16e6acb1b1390904eb7a9b1626e25b93) Importer(815301076,1909f56bfc062723c751e8b465ee728b)
Start importing Assets/MainGame/Sounds/UISound/level-up-47165.mp3 using Guid(16e6acb1b1390904eb7a9b1626e25b93) Importer(815301076,1909f56bfc062723c751e8b465ee728b)  -> (artifact id: '9c74fa812cdf9d749beb138c7d77ff8f') in 0.008039 seconds
Number of updated asset objects reloaded before import = 0
Number of asset objects unloaded after import = 2
========================================================================
Received Import Request.
  Time since last request: 50.397894 seconds.
  path: Assets/MainGame/Sounds/UISound/mouse-click-sound-233951.mp3
  artifactKey: Guid(f9b4f8f90d22c7c42a110154b7e2e275) Importer(815301076,1909f56bfc062723c751e8b465ee728b)
Start importing Assets/MainGame/Sounds/UISound/mouse-click-sound-233951.mp3 using Guid(f9b4f8f90d22c7c42a110154b7e2e275) Importer(815301076,1909f56bfc062723c751e8b465ee728b)  -> (artifact id: '6a155135fe2be5da83a4794840c3c7c9') in 0.006865 seconds
Number of updated asset objects reloaded before import = 0
Number of asset objects unloaded after import = 2
========================================================================
Received Import Request.
  Time since last request: 10.895670 seconds.
  path: Assets/MainGame/Sounds/UISound/tempStageClick.wav
  artifactKey: Guid(35cf7766e9e2aa542811e896fde57989) Importer(815301076,1909f56bfc062723c751e8b465ee728b)
Start importing Assets/MainGame/Sounds/UISound/tempStageClick.wav using Guid(35cf7766e9e2aa542811e896fde57989) Importer(815301076,1909f56bfc062723c751e8b465ee728b)  -> (artifact id: '01ca258bd6178e1f0b38c25c53118525') in 0.011109 seconds
Number of updated asset objects reloaded before import = 0
Number of asset objects unloaded after import = 2
========================================================================
Received Import Request.
  Time since last request: 60.729676 seconds.
  path: Assets/MainGame/Sounds/UISound/switch-93378.mp3
  artifactKey: Guid(c4d0aff326556414f943c8dea26b72e7) Importer(815301076,1909f56bfc062723c751e8b465ee728b)
Start importing Assets/MainGame/Sounds/UISound/switch-93378.mp3 using Guid(c4d0aff326556414f943c8dea26b72e7) Importer(815301076,1909f56bfc062723c751e8b465ee728b)  -> (artifact id: '344058d422990ffa48fc084da86a956a') in 0.005797 seconds
Number of updated asset objects reloaded before import = 0
Number of asset objects unloaded after import = 2
========================================================================
Received Import Request.
  Time since last request: 6.552795 seconds.
  path: Assets/MainGame/Sounds/UISound/PausePanel.mp3
  artifactKey: Guid(c4d0aff326556414f943c8dea26b72e7) Importer(815301076,1909f56bfc062723c751e8b465ee728b)
Start importing Assets/MainGame/Sounds/UISound/PausePanel.mp3 using Guid(c4d0aff326556414f943c8dea26b72e7) Importer(815301076,1909f56bfc062723c751e8b465ee728b)  -> (artifact id: 'c3436b523e058e5b777bcb178c08cf66') in 0.004658 seconds
Number of updated asset objects reloaded before import = 0
Number of asset objects unloaded after import = 2
