Using pre-set license
Built from '2022.3/staging' branch; Version is '2022.3.30f1 (70558241b701) revision 7361922'; Using compiler version '192829333'; Build Type 'Release'
OS: 'Windows 10  (10.0.19045) 64bit Professional' Language: 'ko' Physical Memory: 16314 MB
BatchMode: 1, IsHumanControllingUs: 0, StartBugReporterOnCrash: 0, Is64bit: 1, IsPro: 1

COMMAND LINE ARGUMENTS:
C:\Users\User\2022.3.30f1\Editor\Unity.exe
-adb2
-batchMode
-noUpm
-name
AssetImportWorker12
-projectPath
C:/Users/User/Desktop/AnimalPark/Game
-logFile
Logs/AssetImportWorker12.log
-srvPort
64576
Successfully changed project path to: C:/Users/User/Desktop/AnimalPark/Game
C:/Users/User/Desktop/AnimalPark/Game
[UnityMemory] Configuration Parameters - Can be set up in boot.config
    "memorysetup-bucket-allocator-granularity=16"
    "memorysetup-bucket-allocator-bucket-count=8"
    "memorysetup-bucket-allocator-block-size=33554432"
    "memorysetup-bucket-allocator-block-count=8"
    "memorysetup-main-allocator-block-size=16777216"
    "memorysetup-thread-allocator-block-size=16777216"
    "memorysetup-gfx-main-allocator-block-size=16777216"
    "memorysetup-gfx-thread-allocator-block-size=16777216"
    "memorysetup-cache-allocator-block-size=4194304"
    "memorysetup-typetree-allocator-block-size=2097152"
    "memorysetup-profiler-bucket-allocator-granularity=16"
    "memorysetup-profiler-bucket-allocator-bucket-count=8"
    "memorysetup-profiler-bucket-allocator-block-size=33554432"
    "memorysetup-profiler-bucket-allocator-block-count=8"
    "memorysetup-profiler-allocator-block-size=16777216"
    "memorysetup-profiler-editor-allocator-block-size=1048576"
    "memorysetup-temp-allocator-size-main=16777216"
    "memorysetup-job-temp-allocator-block-size=2097152"
    "memorysetup-job-temp-allocator-block-size-background=1048576"
    "memorysetup-job-temp-allocator-reduction-small-platforms=262144"
    "memorysetup-allocator-temp-initial-block-size-main=262144"
    "memorysetup-allocator-temp-initial-block-size-worker=262144"
    "memorysetup-temp-allocator-size-background-worker=32768"
    "memorysetup-temp-allocator-size-job-worker=262144"
    "memorysetup-temp-allocator-size-preload-manager=33554432"
    "memorysetup-temp-allocator-size-nav-mesh-worker=65536"
    "memorysetup-temp-allocator-size-audio-worker=65536"
    "memorysetup-temp-allocator-size-cloud-worker=32768"
    "memorysetup-temp-allocator-size-gi-baking-worker=262144"
    "memorysetup-temp-allocator-size-gfx=262144"
Player connection [23696] Host "[IP] 118.38.174.254 [Port] 0 [Flags] 2 [Guid] 3749213488 [EditorId] 3749213488 [Version] 1048832 [Id] WindowsEditor(7,DESKTOP-H29PI8H) [Debug] 1 [PackageName] WindowsEditor [ProjectName] Editor" joined multi-casting on [225.0.0.222:54997]...

Player connection [23696] Host "[IP] 118.38.174.254 [Port] 0 [Flags] 2 [Guid] 3749213488 [EditorId] 3749213488 [Version] 1048832 [Id] WindowsEditor(7,DESKTOP-H29PI8H) [Debug] 1 [PackageName] WindowsEditor [ProjectName] Editor" joined alternative multi-casting on [225.0.0.222:34997]...

[Physics::Module] Initialized MultithreadedJobDispatcher with 11 workers.
Refreshing native plugins compatible for Editor in 14.57 ms, found 3 plugins.
Preloading 0 native plugins for Editor in 0.00 ms.
Initialize engine version: 2022.3.30f1 (70558241b701)
[Subsystems] Discovering subsystems at path C:/Users/User/2022.3.30f1/Editor/Data/Resources/UnitySubsystems
[Subsystems] Discovering subsystems at path C:/Users/User/Desktop/AnimalPark/Game/Assets
GfxDevice: creating device client; threaded=0; jobified=0
Direct3D:
    Version:  Direct3D 11.0 [level 11.1]
    Renderer: NVIDIA GeForce GTX 1650 SUPER (ID=0x2187)
    Vendor:   NVIDIA
    VRAM:     3930 MB
    Driver:   32.0.15.6094
Initialize mono
Mono path[0] = 'C:/Users/User/2022.3.30f1/Editor/Data/Managed'
Mono path[1] = 'C:/Users/User/2022.3.30f1/Editor/Data/MonoBleedingEdge/lib/mono/unityjit-win32'
Mono config path = 'C:/Users/User/2022.3.30f1/Editor/Data/MonoBleedingEdge/etc'
Using monoOptions --debugger-agent=transport=dt_socket,embedding=1,server=y,suspend=n,address=127.0.0.1:56744
Begin MonoManager ReloadAssembly
Registering precompiled unity dll's ...
Register platform support module: C:/Users/User/2022.3.30f1/Editor/Data/PlaybackEngines/WindowsStandaloneSupport/UnityEditor.WindowsStandalone.Extensions.dll
Registered in 0.013693 seconds.
- Loaded All Assemblies, in  0.417 seconds
Native extension for WindowsStandalone target not found
Mono: successfully reloaded assembly
- Finished resetting the current domain, in  0.299 seconds
Domain Reload Profiling: 712ms
	BeginReloadAssembly (130ms)
		ExecutionOrderSort (0ms)
		DisableScriptedObjects (0ms)
		BackupInstance (0ms)
		ReleaseScriptingObjects (0ms)
		CreateAndSetChildDomain (1ms)
	RebuildCommonClasses (41ms)
	RebuildNativeTypeToScriptingClass (11ms)
	initialDomainReloadingComplete (72ms)
	LoadAllAssembliesAndSetupDomain (160ms)
		LoadAssemblies (126ms)
		RebuildTransferFunctionScriptingTraits (0ms)
		AnalyzeDomain (157ms)
			TypeCache.Refresh (156ms)
				TypeCache.ScanAssembly (141ms)
			ScanForSourceGeneratedMonoScriptInfo (0ms)
			ResolveRequiredComponents (0ms)
	FinalizeReload (300ms)
		ReleaseScriptCaches (0ms)
		RebuildScriptCaches (0ms)
		SetupLoadedEditorAssemblies (233ms)
			LogAssemblyErrors (0ms)
			InitializePlatformSupportModulesInManaged (12ms)
			SetLoadedEditorAssemblies (8ms)
			RefreshPlugins (0ms)
			BeforeProcessingInitializeOnLoad (2ms)
			ProcessInitializeOnLoadAttributes (153ms)
			ProcessInitializeOnLoadMethodAttributes (58ms)
			AfterProcessingInitializeOnLoad (0ms)
			EditorAssembliesLoaded (0ms)
		ExecutionOrderSort2 (0ms)
		AwakeInstancesAfterBackupRestoration (0ms)
========================================================================
Worker process is ready to serve import requests
Begin MonoManager ReloadAssembly
- Loaded All Assemblies, in  0.727 seconds
Refreshing native plugins compatible for Editor in 6.54 ms, found 3 plugins.
Native extension for WindowsStandalone target not found
Package Manager log level set to [2]
[Package Manager] Server::EnsureServerProcessIsRunning -- launch failed, reason: Unity was launched with the -noUpm command-line argument
[Package Manager] UpmClient::Send -- Unable to send message (not connected to UPM process).
[Package Manager] Cannot connect to Unity Package Manager local server
Mono: successfully reloaded assembly
- Finished resetting the current domain, in  0.702 seconds
Domain Reload Profiling: 1420ms
	BeginReloadAssembly (177ms)
		ExecutionOrderSort (0ms)
		DisableScriptedObjects (5ms)
		BackupInstance (0ms)
		ReleaseScriptingObjects (0ms)
		CreateAndSetChildDomain (21ms)
	RebuildCommonClasses (40ms)
	RebuildNativeTypeToScriptingClass (12ms)
	initialDomainReloadingComplete (55ms)
	LoadAllAssembliesAndSetupDomain (434ms)
		LoadAssemblies (370ms)
		RebuildTransferFunctionScriptingTraits (0ms)
		AnalyzeDomain (178ms)
			TypeCache.Refresh (156ms)
				TypeCache.ScanAssembly (141ms)
			ScanForSourceGeneratedMonoScriptInfo (15ms)
			ResolveRequiredComponents (6ms)
	FinalizeReload (702ms)
		ReleaseScriptCaches (0ms)
		RebuildScriptCaches (0ms)
		SetupLoadedEditorAssemblies (533ms)
			LogAssemblyErrors (0ms)
			InitializePlatformSupportModulesInManaged (8ms)
			SetLoadedEditorAssemblies (4ms)
			RefreshPlugins (0ms)
			BeforeProcessingInitializeOnLoad (76ms)
			ProcessInitializeOnLoadAttributes (408ms)
			ProcessInitializeOnLoadMethodAttributes (22ms)
			AfterProcessingInitializeOnLoad (15ms)
			EditorAssembliesLoaded (0ms)
		ExecutionOrderSort2 (0ms)
		AwakeInstancesAfterBackupRestoration (16ms)
Launched and connected shader compiler UnityShaderCompiler.exe after 0.06 seconds
Refreshing native plugins compatible for Editor in 6.75 ms, found 3 plugins.
Preloading 0 native plugins for Editor in 0.00 ms.
Unloading 3151 Unused Serialized files (Serialized files now loaded: 0)
Unloading 33 unused Assets / (58.4 KB). Loaded Objects now: 3624.
Memory consumption went from 129.8 MB to 129.7 MB.
Total: 2.865600 ms (FindLiveObjects: 0.242200 ms CreateObjectMapping: 0.177300 ms MarkObjects: 2.347800 ms  DeleteObjects: 0.097500 ms)

AssetImportParameters requested are different than current active one (requested -> active):
  custom:container-demuxer-ogg: 62fdf1f143b41e24485cea50d1cbac27 -> 
  custom:video-decoder-ogg-theora: a1e56fd34408186e4bbccfd4996cb3dc -> 
  custom:framework-win-MediaFoundation: 216162199b28c13a410421893ffa2e32 -> 
  custom:CustomObjectIndexerAttribute: 9a22284fe3817be447336de3de66b15e -> 
  custom:container-demuxer-webm: 4f35f7cbe854078d1ac9338744f61a02 -> 
  custom:container-muxer-webm: aa71ff27fc2769a1b78a27578f13a17b -> 
  custom:video-decoder-webm-vp8: 9c59270c3fd7afecdb556c50c9e8de78 -> 
  custom:SearchIndexIgnoredProperties: e643bd26f0fe6173181afceb89e7c659 -> 
  custom:AudioImporter_EditorPlatform: d09bf68614088b80899f8185d706f6e7 -> 
  custom:video-encoder-webm-vp8: eb34c28f22e8b96e1ab97ce403110664 -> 
  custom:audio-decoder-ogg-vorbis: bf7c407c2cedff20999df2af8eb42d56 -> 
  custom:audio-encoder-webm-vorbis: bf7c407c2cedff20999df2af8eb42d56 -> 
========================================================================
Received Import Request.
  Time since last request: 175665.723691 seconds.
  path: Assets/JMO Assets/Cartoon FX (legacy)/Materials/Light/CFX3_GlowDot MULT.mat
  artifactKey: Guid(0e9094c1cb53cc44595d77cdcf14b8d1) Importer(815301076,1909f56bfc062723c751e8b465ee728b)
Start importing Assets/JMO Assets/Cartoon FX (legacy)/Materials/Light/CFX3_GlowDot MULT.mat using Guid(0e9094c1cb53cc44595d77cdcf14b8d1) Importer(815301076,1909f56bfc062723c751e8b465ee728b)  -> (artifact id: '70a93274611d34644299d2ac5f7ec16e') in 0.107668 seconds
Number of updated asset objects reloaded before import = 0
Number of asset objects unloaded after import = 2
========================================================================
Received Import Request.
  Time since last request: 10.959741 seconds.
  path: Assets/JMO Assets/Cartoon FX (legacy)/Materials/Misc/CFX4_Circle AB.mat
  artifactKey: Guid(4487b6501f1381549872ae22738916a3) Importer(815301076,1909f56bfc062723c751e8b465ee728b)
Start importing Assets/JMO Assets/Cartoon FX (legacy)/Materials/Misc/CFX4_Circle AB.mat using Guid(4487b6501f1381549872ae22738916a3) Importer(815301076,1909f56bfc062723c751e8b465ee728b)  -> (artifact id: '964b5af724123771ecaa20bfd7e54215') in 0.011661 seconds
Number of updated asset objects reloaded before import = 0
Number of asset objects unloaded after import = 2
========================================================================
Received Import Request.
  Time since last request: 0.023269 seconds.
  path: Assets/JMO Assets/Cartoon FX (legacy)/Materials/Misc/CFX_Bubble.mat
  artifactKey: Guid(2656ffd617a68d949a7600cc66478917) Importer(815301076,1909f56bfc062723c751e8b465ee728b)
Start importing Assets/JMO Assets/Cartoon FX (legacy)/Materials/Misc/CFX_Bubble.mat using Guid(2656ffd617a68d949a7600cc66478917) Importer(815301076,1909f56bfc062723c751e8b465ee728b)  -> (artifact id: '13e1690c0ec31635b7eb87c2de3f8bc5') in 0.012971 seconds
Number of updated asset objects reloaded before import = 0
Number of asset objects unloaded after import = 2
========================================================================
Received Import Request.
  Time since last request: 0.000016 seconds.
  path: Assets/JMO Assets/Cartoon FX (legacy)/Materials/Misc/CFX_Star Add.mat
  artifactKey: Guid(28bd8c3c14d3f214da37557b91e0fa5d) Importer(815301076,1909f56bfc062723c751e8b465ee728b)
Start importing Assets/JMO Assets/Cartoon FX (legacy)/Materials/Misc/CFX_Star Add.mat using Guid(28bd8c3c14d3f214da37557b91e0fa5d) Importer(815301076,1909f56bfc062723c751e8b465ee728b)  -> (artifact id: '5b12d2afad5ce512e0f2d10c19ad2dd7') in 0.019105 seconds
Number of updated asset objects reloaded before import = 0
Number of asset objects unloaded after import = 2
========================================================================
Received Import Request.
  Time since last request: 0.000028 seconds.
  path: Assets/JMO Assets/Cartoon FX (legacy)/Materials/Misc/CFX4_GroundDebris AB.mat
  artifactKey: Guid(5e70183c9ec77be4895f6316c0695983) Importer(815301076,1909f56bfc062723c751e8b465ee728b)
Start importing Assets/JMO Assets/Cartoon FX (legacy)/Materials/Misc/CFX4_GroundDebris AB.mat using Guid(5e70183c9ec77be4895f6316c0695983) Importer(815301076,1909f56bfc062723c751e8b465ee728b)  -> (artifact id: '0440408c2bdfceb72d2a73fc5976dea5') in 0.025626 seconds
Number of updated asset objects reloaded before import = 0
Number of asset objects unloaded after import = 2
========================================================================
Received Import Request.
  Time since last request: 42.265689 seconds.
  path: Assets/MainGame/Hovl Studio/Magic effects pack/Materials/Crack.mat
  artifactKey: Guid(d8bfd8e382dd58d4c8367e59434e8dd6) Importer(815301076,1909f56bfc062723c751e8b465ee728b)
Start importing Assets/MainGame/Hovl Studio/Magic effects pack/Materials/Crack.mat using Guid(d8bfd8e382dd58d4c8367e59434e8dd6) Importer(815301076,1909f56bfc062723c751e8b465ee728b)  -> (artifact id: '5a414c465a77c45bb64babcba10b554c') in 0.014677 seconds
Number of updated asset objects reloaded before import = 0
Number of asset objects unloaded after import = 2
========================================================================
Received Import Request.
  Time since last request: 0.000015 seconds.
  path: Assets/Low Poly Fire/Materials/Fire Wood.mat
  artifactKey: Guid(f2d08b29abc444346916782c222f2c4a) Importer(815301076,1909f56bfc062723c751e8b465ee728b)
Start importing Assets/Low Poly Fire/Materials/Fire Wood.mat using Guid(f2d08b29abc444346916782c222f2c4a) Importer(815301076,1909f56bfc062723c751e8b465ee728b)  -> (artifact id: '8de40340a5b14f263ec603282940b5d8') in 0.013886 seconds
Number of updated asset objects reloaded before import = 0
Number of asset objects unloaded after import = 1
========================================================================
Received Import Request.
  Time since last request: 0.683628 seconds.
  path: Assets/MainGame/Zololgo/FlatPoly Chess and Checkers/Materials/Chess figures white.mat
  artifactKey: Guid(c0165960283e5604ca3ddec04c50a367) Importer(815301076,1909f56bfc062723c751e8b465ee728b)
Start importing Assets/MainGame/Zololgo/FlatPoly Chess and Checkers/Materials/Chess figures white.mat using Guid(c0165960283e5604ca3ddec04c50a367) Importer(815301076,1909f56bfc062723c751e8b465ee728b)  -> (artifact id: '429a50f6871dd098a478b81f2d6e85a0') in 0.009693 seconds
Number of updated asset objects reloaded before import = 0
Number of asset objects unloaded after import = 2
========================================================================
Received Import Request.
  Time since last request: 0.057721 seconds.
  path: Assets/MainGame/Zololgo/FlatPoly Chess and Checkers/Materials/Chess environment.mat
  artifactKey: Guid(e4684a765ffa43d4caa4ec942f89f91d) Importer(815301076,1909f56bfc062723c751e8b465ee728b)
Start importing Assets/MainGame/Zololgo/FlatPoly Chess and Checkers/Materials/Chess environment.mat using Guid(e4684a765ffa43d4caa4ec942f89f91d) Importer(815301076,1909f56bfc062723c751e8b465ee728b)  -> (artifact id: '08b6702c24c547b94000ac7d1b9cfafd') in 0.009630 seconds
Number of updated asset objects reloaded before import = 0
Number of asset objects unloaded after import = 2
========================================================================
Received Import Request.
  Time since last request: 0.185435 seconds.
  path: Assets/MainGame/Zololgo/FlatPoly Chess and Checkers/Materials/Chess board edge.mat
  artifactKey: Guid(3e51e8c6f1e4b5a43b833f724dda2287) Importer(815301076,1909f56bfc062723c751e8b465ee728b)
Start importing Assets/MainGame/Zololgo/FlatPoly Chess and Checkers/Materials/Chess board edge.mat using Guid(3e51e8c6f1e4b5a43b833f724dda2287) Importer(815301076,1909f56bfc062723c751e8b465ee728b)  -> (artifact id: 'a7da3e22b57c69893fa75547df1a23ba') in 0.007173 seconds
Number of updated asset objects reloaded before import = 0
Number of asset objects unloaded after import = 2
========================================================================
Received Import Request.
  Time since last request: 0.056696 seconds.
  path: Assets/JMO Assets/Cartoon FX Remaster/CFXR Assets/Graphics/cfxr ww smoke bright hdr ab.mat
  artifactKey: Guid(94e7635f3a92a7245abb4b56e5834fa2) Importer(815301076,1909f56bfc062723c751e8b465ee728b)
Start importing Assets/JMO Assets/Cartoon FX Remaster/CFXR Assets/Graphics/cfxr ww smoke bright hdr ab.mat using Guid(94e7635f3a92a7245abb4b56e5834fa2) Importer(815301076,1909f56bfc062723c751e8b465ee728b)  -> (artifact id: '3785ebfd18ab962448a01ca0ae9c3d14') in 0.072187 seconds
Number of updated asset objects reloaded before import = 0
Number of asset objects unloaded after import = 2
========================================================================
Received Import Request.
  Time since last request: 0.147241 seconds.
  path: Assets/JMO Assets/Cartoon FX Remaster/CFXR Assets/Graphics/cfxr water small splash stretch nosp ab.mat
  artifactKey: Guid(e9a9e8bac511e0f40935dbea31a91a3d) Importer(815301076,1909f56bfc062723c751e8b465ee728b)
Start importing Assets/JMO Assets/Cartoon FX Remaster/CFXR Assets/Graphics/cfxr water small splash stretch nosp ab.mat using Guid(e9a9e8bac511e0f40935dbea31a91a3d) Importer(815301076,1909f56bfc062723c751e8b465ee728b)  -> (artifact id: 'a82fa1c81fce2b1a04f7286960aa4c00') in 0.007874 seconds
Number of updated asset objects reloaded before import = 0
Number of asset objects unloaded after import = 2
========================================================================
Received Import Request.
  Time since last request: 0.019269 seconds.
  path: Assets/JMO Assets/Cartoon FX Remaster/CFXR Assets/Graphics/cfxr water small splash hollow stretch nosp ab.mat
  artifactKey: Guid(efec9ca1c146ade489c4943c6ab0ede5) Importer(815301076,1909f56bfc062723c751e8b465ee728b)
Start importing Assets/JMO Assets/Cartoon FX Remaster/CFXR Assets/Graphics/cfxr water small splash hollow stretch nosp ab.mat using Guid(efec9ca1c146ade489c4943c6ab0ede5) Importer(815301076,1909f56bfc062723c751e8b465ee728b)  -> (artifact id: '5d4e8b02bce5515a3eba372aa5328188') in 0.009576 seconds
Number of updated asset objects reloaded before import = 0
Number of asset objects unloaded after import = 2
========================================================================
Received Import Request.
  Time since last request: 0.653297 seconds.
  path: Assets/JMO Assets/Cartoon FX Remaster/CFXR Assets/Graphics/cfxr water drop blur anim hdr ab.mat
  artifactKey: Guid(9ff4585d5d3df2945b6b02ee4ff389bb) Importer(815301076,1909f56bfc062723c751e8b465ee728b)
Start importing Assets/JMO Assets/Cartoon FX Remaster/CFXR Assets/Graphics/cfxr water drop blur anim hdr ab.mat using Guid(9ff4585d5d3df2945b6b02ee4ff389bb) Importer(815301076,1909f56bfc062723c751e8b465ee728b)  -> (artifact id: 'ceba6ef09ba55b7a31b6f2dc0c4136b4') in 0.046882 seconds
Number of updated asset objects reloaded before import = 0
Number of asset objects unloaded after import = 2
========================================================================
Received Import Request.
  Time since last request: 0.004932 seconds.
  path: Assets/JMO Assets/Cartoon FX Remaster/CFXR Assets/Graphics/cfxr sword trail slash.mat
  artifactKey: Guid(b92f1c26cdaedce418d969ac30ed8cb6) Importer(815301076,1909f56bfc062723c751e8b465ee728b)
Start importing Assets/JMO Assets/Cartoon FX Remaster/CFXR Assets/Graphics/cfxr sword trail slash.mat using Guid(b92f1c26cdaedce418d969ac30ed8cb6) Importer(815301076,1909f56bfc062723c751e8b465ee728b)  -> (artifact id: '24b45949808af26723b768b5718cfec5') in 0.117686 seconds
Number of updated asset objects reloaded before import = 0
Number of asset objects unloaded after import = 4
========================================================================
Received Import Request.
  Time since last request: 0.000023 seconds.
  path: Assets/JMO Assets/Cartoon FX (legacy)/Materials/Texts/CFX_Text_Boom.mat
  artifactKey: Guid(d1c965e3a9110b94db515cf6edd67b92) Importer(815301076,1909f56bfc062723c751e8b465ee728b)
Start importing Assets/JMO Assets/Cartoon FX (legacy)/Materials/Texts/CFX_Text_Boom.mat using Guid(d1c965e3a9110b94db515cf6edd67b92) Importer(815301076,1909f56bfc062723c751e8b465ee728b)  -> (artifact id: '33772924ad271118a4b8ef89fd29839e') in 0.013468 seconds
Number of updated asset objects reloaded before import = 0
Number of asset objects unloaded after import = 2
========================================================================
Received Import Request.
  Time since last request: 0.000020 seconds.
  path: Assets/JMO Assets/Cartoon FX (legacy)/Materials/Electric/CFX_YellowStar.mat
  artifactKey: Guid(26c880ce3c053d04982d2c8e435fdb95) Importer(815301076,1909f56bfc062723c751e8b465ee728b)
Start importing Assets/JMO Assets/Cartoon FX (legacy)/Materials/Electric/CFX_YellowStar.mat using Guid(26c880ce3c053d04982d2c8e435fdb95) Importer(815301076,1909f56bfc062723c751e8b465ee728b)  -> (artifact id: '3c97e899d8e9a0a23c908586331060f3') in 0.009144 seconds
Number of updated asset objects reloaded before import = 0
Number of asset objects unloaded after import = 2
========================================================================
Received Import Request.
  Time since last request: 0.000014 seconds.
  path: Assets/JMO Assets/Cartoon FX Remaster/CFXR Assets/Graphics/cfxr heart break parts ab.mat
  artifactKey: Guid(d7e9776f896c4604a9f054a862e1b21e) Importer(815301076,1909f56bfc062723c751e8b465ee728b)
Start importing Assets/JMO Assets/Cartoon FX Remaster/CFXR Assets/Graphics/cfxr heart break parts ab.mat using Guid(d7e9776f896c4604a9f054a862e1b21e) Importer(815301076,1909f56bfc062723c751e8b465ee728b)  -> (artifact id: 'c8f493289e05ba3c54b38d0a0ac327e3') in 0.018345 seconds
Number of updated asset objects reloaded before import = 0
Number of asset objects unloaded after import = 2
========================================================================
Received Import Request.
  Time since last request: 0.000019 seconds.
  path: Assets/JMO Assets/Cartoon FX Remaster/CFXR Assets/Graphics/cfxr line loop electric hdr ab.mat
  artifactKey: Guid(75be7a7b742586840beb0b9c8ce4b273) Importer(815301076,1909f56bfc062723c751e8b465ee728b)
Start importing Assets/JMO Assets/Cartoon FX Remaster/CFXR Assets/Graphics/cfxr line loop electric hdr ab.mat using Guid(75be7a7b742586840beb0b9c8ce4b273) Importer(815301076,1909f56bfc062723c751e8b465ee728b)  -> (artifact id: '0d990036d9c843c717dd6f7e16249ec9') in 0.012082 seconds
Number of updated asset objects reloaded before import = 0
Number of asset objects unloaded after import = 2
========================================================================
Received Import Request.
  Time since last request: 0.000019 seconds.
  path: Assets/JMO Assets/Cartoon FX (legacy)/Materials/Texts/CFX_Text_Hit_Random.mat
  artifactKey: Guid(fb611baba0c0bec45b460e1cc30fddf3) Importer(815301076,1909f56bfc062723c751e8b465ee728b)
Start importing Assets/JMO Assets/Cartoon FX (legacy)/Materials/Texts/CFX_Text_Hit_Random.mat using Guid(fb611baba0c0bec45b460e1cc30fddf3) Importer(815301076,1909f56bfc062723c751e8b465ee728b)  -> (artifact id: 'f951173f261f6c3881c1c13cf1b51ffe') in 0.011532 seconds
Number of updated asset objects reloaded before import = 0
Number of asset objects unloaded after import = 2
========================================================================
Received Import Request.
  Time since last request: 0.000018 seconds.
  path: Assets/JMO Assets/Cartoon FX Remaster/CFXR Assets/Graphics/cfxr no texture hdr ab.mat
  artifactKey: Guid(1bd82b05ed622074c9301727f11252d7) Importer(815301076,1909f56bfc062723c751e8b465ee728b)
Start importing Assets/JMO Assets/Cartoon FX Remaster/CFXR Assets/Graphics/cfxr no texture hdr ab.mat using Guid(1bd82b05ed622074c9301727f11252d7) Importer(815301076,1909f56bfc062723c751e8b465ee728b)  -> (artifact id: '85942865fd03e673e757b18752b2372b') in 0.046152 seconds
Number of updated asset objects reloaded before import = 0
Number of asset objects unloaded after import = 1
Editor requested this worker to shutdown with reason: Scaling down because of idle timeout
TcpMessagingSession - receive error: operation aborted. errorcode: 995, details: 스레드 종료 또는 응용 프로그램 요청 때문에 I/O 작업이 취소되었습니다.
AssetImportWorker is now disconnected from the server
Process exiting
Exiting without the bug reporter. Application will terminate with return code 0