Using pre-set license
Built from '2022.3/staging' branch; Version is '2022.3.30f1 (70558241b701) revision 7361922'; Using compiler version '192829333'; Build Type 'Release'
OS: 'Windows 10  (10.0.19045) 64bit Education' Language: 'ko' Physical Memory: 16297 MB
BatchMode: 1, IsHumanControllingUs: 0, StartBugReporterOnCrash: 0, Is64bit: 1, IsPro: 1

COMMAND LINE ARGUMENTS:
C:\Program Files\Unity\Hub\Editor\2022.3.30f1\Editor\Unity.exe
-adb2
-batchMode
-noUpm
-name
AssetImportWorker4
-projectPath
C:/Users/Administrator/Desktop/AnimalPark/Game
-logFile
Logs/AssetImportWorker4.log
-srvPort
52903
Successfully changed project path to: C:/Users/Administrator/Desktop/AnimalPark/Game
C:/Users/Administrator/Desktop/AnimalPark/Game
[UnityMemory] Configuration Parameters - Can be set up in boot.config
    "memorysetup-bucket-allocator-granularity=16"
    "memorysetup-bucket-allocator-bucket-count=8"
    "memorysetup-bucket-allocator-block-size=33554432"
    "memorysetup-bucket-allocator-block-count=8"
    "memorysetup-main-allocator-block-size=16777216"
    "memorysetup-thread-allocator-block-size=16777216"
    "memorysetup-gfx-main-allocator-block-size=16777216"
    "memorysetup-gfx-thread-allocator-block-size=16777216"
    "memorysetup-cache-allocator-block-size=4194304"
    "memorysetup-typetree-allocator-block-size=2097152"
    "memorysetup-profiler-bucket-allocator-granularity=16"
    "memorysetup-profiler-bucket-allocator-bucket-count=8"
    "memorysetup-profiler-bucket-allocator-block-size=33554432"
    "memorysetup-profiler-bucket-allocator-block-count=8"
    "memorysetup-profiler-allocator-block-size=16777216"
    "memorysetup-profiler-editor-allocator-block-size=1048576"
    "memorysetup-temp-allocator-size-main=16777216"
    "memorysetup-job-temp-allocator-block-size=2097152"
    "memorysetup-job-temp-allocator-block-size-background=1048576"
    "memorysetup-job-temp-allocator-reduction-small-platforms=262144"
    "memorysetup-allocator-temp-initial-block-size-main=262144"
    "memorysetup-allocator-temp-initial-block-size-worker=262144"
    "memorysetup-temp-allocator-size-background-worker=32768"
    "memorysetup-temp-allocator-size-job-worker=262144"
    "memorysetup-temp-allocator-size-preload-manager=33554432"
    "memorysetup-temp-allocator-size-nav-mesh-worker=65536"
    "memorysetup-temp-allocator-size-audio-worker=65536"
    "memorysetup-temp-allocator-size-cloud-worker=32768"
    "memorysetup-temp-allocator-size-gi-baking-worker=262144"
    "memorysetup-temp-allocator-size-gfx=262144"
Player connection [2160] Host "[IP] 192.168.0.62 [Port] 0 [Flags] 2 [Guid] 341626187 [EditorId] 341626187 [Version] 1048832 [Id] WindowsEditor(7,I-06) [Debug] 1 [PackageName] WindowsEditor [ProjectName] Editor" joined multi-casting on [225.0.0.222:54997]...

Player connection [2160] Host "[IP] 192.168.0.62 [Port] 0 [Flags] 2 [Guid] 341626187 [EditorId] 341626187 [Version] 1048832 [Id] WindowsEditor(7,I-06) [Debug] 1 [PackageName] WindowsEditor [ProjectName] Editor" joined alternative multi-casting on [225.0.0.222:34997]...

[Physics::Module] Initialized MultithreadedJobDispatcher with 15 workers.
Refreshing native plugins compatible for Editor in 5.96 ms, found 3 plugins.
Preloading 0 native plugins for Editor in 0.00 ms.
Initialize engine version: 2022.3.30f1 (70558241b701)
[Subsystems] Discovering subsystems at path C:/Program Files/Unity/Hub/Editor/2022.3.30f1/Editor/Data/Resources/UnitySubsystems
[Subsystems] Discovering subsystems at path C:/Users/Administrator/Desktop/AnimalPark/Game/Assets
GfxDevice: creating device client; threaded=0; jobified=0
Direct3D:
    Version:  Direct3D 11.0 [level 11.1]
    Renderer: NVIDIA GeForce GTX 1660 (ID=0x2184)
    Vendor:   NVIDIA
    VRAM:     5980 MB
    Driver:   31.0.15.3623
Initialize mono
Mono path[0] = 'C:/Program Files/Unity/Hub/Editor/2022.3.30f1/Editor/Data/Managed'
Mono path[1] = 'C:/Program Files/Unity/Hub/Editor/2022.3.30f1/Editor/Data/MonoBleedingEdge/lib/mono/unityjit-win32'
Mono config path = 'C:/Program Files/Unity/Hub/Editor/2022.3.30f1/Editor/Data/MonoBleedingEdge/etc'
Using monoOptions --debugger-agent=transport=dt_socket,embedding=1,server=y,suspend=n,address=127.0.0.1:56428
Begin MonoManager ReloadAssembly
Registering precompiled unity dll's ...
Register platform support module: C:/Program Files/Unity/Hub/Editor/2022.3.30f1/Editor/Data/PlaybackEngines/WindowsStandaloneSupport/UnityEditor.WindowsStandalone.Extensions.dll
Register platform support module: C:/Program Files/Unity/Hub/Editor/2022.3.30f1/Editor/Data/PlaybackEngines/MetroSupport/UnityEditor.UWP.Extensions.dll
Registered in 0.005387 seconds.
- Loaded All Assemblies, in  0.323 seconds
Native extension for UWP target not found
Native extension for WindowsStandalone target not found
Mono: successfully reloaded assembly
- Finished resetting the current domain, in  0.258 seconds
Domain Reload Profiling: 581ms
	BeginReloadAssembly (98ms)
		ExecutionOrderSort (0ms)
		DisableScriptedObjects (0ms)
		BackupInstance (0ms)
		ReleaseScriptingObjects (0ms)
		CreateAndSetChildDomain (1ms)
	RebuildCommonClasses (34ms)
	RebuildNativeTypeToScriptingClass (10ms)
	initialDomainReloadingComplete (47ms)
	LoadAllAssembliesAndSetupDomain (134ms)
		LoadAssemblies (98ms)
		RebuildTransferFunctionScriptingTraits (0ms)
		AnalyzeDomain (132ms)
			TypeCache.Refresh (130ms)
				TypeCache.ScanAssembly (118ms)
			ScanForSourceGeneratedMonoScriptInfo (0ms)
			ResolveRequiredComponents (0ms)
	FinalizeReload (258ms)
		ReleaseScriptCaches (0ms)
		RebuildScriptCaches (0ms)
		SetupLoadedEditorAssemblies (204ms)
			LogAssemblyErrors (0ms)
			InitializePlatformSupportModulesInManaged (9ms)
			SetLoadedEditorAssemblies (5ms)
			RefreshPlugins (0ms)
			BeforeProcessingInitializeOnLoad (2ms)
			ProcessInitializeOnLoadAttributes (132ms)
			ProcessInitializeOnLoadMethodAttributes (56ms)
			AfterProcessingInitializeOnLoad (0ms)
			EditorAssembliesLoaded (0ms)
		ExecutionOrderSort2 (0ms)
		AwakeInstancesAfterBackupRestoration (0ms)
========================================================================
Worker process is ready to serve import requests
Begin MonoManager ReloadAssembly
- Loaded All Assemblies, in  0.530 seconds
Refreshing native plugins compatible for Editor in 2.17 ms, found 3 plugins.
Native extension for UWP target not found
Native extension for WindowsStandalone target not found
Package Manager log level set to [2]
[Package Manager] Server::EnsureServerProcessIsRunning -- launch failed, reason: Unity was launched with the -noUpm command-line argument
[Package Manager] UpmClient::Send -- Unable to send message (not connected to UPM process).
[Package Manager] Cannot connect to Unity Package Manager local server
Mono: successfully reloaded assembly
- Finished resetting the current domain, in  0.551 seconds
Domain Reload Profiling: 1081ms
	BeginReloadAssembly (134ms)
		ExecutionOrderSort (0ms)
		DisableScriptedObjects (5ms)
		BackupInstance (0ms)
		ReleaseScriptingObjects (0ms)
		CreateAndSetChildDomain (19ms)
	RebuildCommonClasses (30ms)
	RebuildNativeTypeToScriptingClass (10ms)
	initialDomainReloadingComplete (33ms)
	LoadAllAssembliesAndSetupDomain (322ms)
		LoadAssemblies (245ms)
		RebuildTransferFunctionScriptingTraits (0ms)
		AnalyzeDomain (158ms)
			TypeCache.Refresh (139ms)
				TypeCache.ScanAssembly (124ms)
			ScanForSourceGeneratedMonoScriptInfo (12ms)
			ResolveRequiredComponents (5ms)
	FinalizeReload (552ms)
		ReleaseScriptCaches (0ms)
		RebuildScriptCaches (0ms)
		SetupLoadedEditorAssemblies (409ms)
			LogAssemblyErrors (0ms)
			InitializePlatformSupportModulesInManaged (5ms)
			SetLoadedEditorAssemblies (3ms)
			RefreshPlugins (0ms)
			BeforeProcessingInitializeOnLoad (55ms)
			ProcessInitializeOnLoadAttributes (325ms)
			ProcessInitializeOnLoadMethodAttributes (19ms)
			AfterProcessingInitializeOnLoad (3ms)
			EditorAssembliesLoaded (0ms)
		ExecutionOrderSort2 (0ms)
		AwakeInstancesAfterBackupRestoration (11ms)
Launched and connected shader compiler UnityShaderCompiler.exe after 0.03 seconds
Refreshing native plugins compatible for Editor in 2.36 ms, found 3 plugins.
Preloading 0 native plugins for Editor in 0.00 ms.
Unloading 3111 Unused Serialized files (Serialized files now loaded: 0)
Unloading 33 unused Assets / (58.0 KB). Loaded Objects now: 3575.
Memory consumption went from 126.5 MB to 126.5 MB.
Total: 2.777900 ms (FindLiveObjects: 0.309000 ms CreateObjectMapping: 0.199300 ms MarkObjects: 2.182600 ms  DeleteObjects: 0.086100 ms)

AssetImportParameters requested are different than current active one (requested -> active):
  custom:container-demuxer-ogg: 62fdf1f143b41e24485cea50d1cbac27 -> 
  custom:video-decoder-ogg-theora: a1e56fd34408186e4bbccfd4996cb3dc -> 
  custom:framework-win-MediaFoundation: 216162199b28c13a410421893ffa2e32 -> 
  custom:CustomObjectIndexerAttribute: 9a22284fe3817be447336de3de66b15e -> 
  custom:container-demuxer-webm: 4f35f7cbe854078d1ac9338744f61a02 -> 
  custom:container-muxer-webm: aa71ff27fc2769a1b78a27578f13a17b -> 
  custom:video-decoder-webm-vp8: 9c59270c3fd7afecdb556c50c9e8de78 -> 
  custom:SearchIndexIgnoredProperties: e643bd26f0fe6173181afceb89e7c659 -> 
  custom:AudioImporter_EditorPlatform: d09bf68614088b80899f8185d706f6e7 -> 
  custom:video-encoder-webm-vp8: eb34c28f22e8b96e1ab97ce403110664 -> 
  custom:audio-decoder-ogg-vorbis: bf7c407c2cedff20999df2af8eb42d56 -> 
  custom:audio-encoder-webm-vorbis: bf7c407c2cedff20999df2af8eb42d56 -> 
========================================================================
Received Prepare
Begin MonoManager ReloadAssembly
- Loaded All Assemblies, in  0.370 seconds
Refreshing native plugins compatible for Editor in 2.11 ms, found 3 plugins.
Native extension for UWP target not found
Native extension for WindowsStandalone target not found
[Package Manager] Server::EnsureServerProcessIsRunning -- launch failed, reason: Unity was launched with the -noUpm command-line argument
[Package Manager] UpmClient::Send -- Unable to send message (not connected to UPM process).
[Package Manager] Cannot connect to Unity Package Manager local server
Mono: successfully reloaded assembly
- Finished resetting the current domain, in  0.779 seconds
Domain Reload Profiling: 1149ms
	BeginReloadAssembly (139ms)
		ExecutionOrderSort (0ms)
		DisableScriptedObjects (4ms)
		BackupInstance (0ms)
		ReleaseScriptingObjects (0ms)
		CreateAndSetChildDomain (31ms)
	RebuildCommonClasses (31ms)
	RebuildNativeTypeToScriptingClass (17ms)
	initialDomainReloadingComplete (21ms)
	LoadAllAssembliesAndSetupDomain (161ms)
		LoadAssemblies (226ms)
		RebuildTransferFunctionScriptingTraits (0ms)
		AnalyzeDomain (11ms)
			TypeCache.Refresh (5ms)
				TypeCache.ScanAssembly (0ms)
			ScanForSourceGeneratedMonoScriptInfo (0ms)
			ResolveRequiredComponents (5ms)
	FinalizeReload (780ms)
		ReleaseScriptCaches (0ms)
		RebuildScriptCaches (0ms)
		SetupLoadedEditorAssemblies (407ms)
			LogAssemblyErrors (0ms)
			InitializePlatformSupportModulesInManaged (7ms)
			SetLoadedEditorAssemblies (3ms)
			RefreshPlugins (0ms)
			BeforeProcessingInitializeOnLoad (51ms)
			ProcessInitializeOnLoadAttributes (321ms)
			ProcessInitializeOnLoadMethodAttributes (22ms)
			AfterProcessingInitializeOnLoad (4ms)
			EditorAssembliesLoaded (0ms)
		ExecutionOrderSort2 (0ms)
		AwakeInstancesAfterBackupRestoration (13ms)
Refreshing native plugins compatible for Editor in 2.59 ms, found 3 plugins.
Preloading 0 native plugins for Editor in 0.00 ms.
Unloading 3102 Unused Serialized files (Serialized files now loaded: 0)
Unloading 24 unused Assets / (31.6 KB). Loaded Objects now: 3578.
Memory consumption went from 125.0 MB to 125.0 MB.
Total: 2.761900 ms (FindLiveObjects: 0.257200 ms CreateObjectMapping: 0.212900 ms MarkObjects: 2.233500 ms  DeleteObjects: 0.057300 ms)

Prepare: number of updated asset objects reloaded= 0
AssetImportParameters requested are different than current active one (requested -> active):
  custom:container-demuxer-ogg: 62fdf1f143b41e24485cea50d1cbac27 -> 
  custom:video-decoder-ogg-theora: a1e56fd34408186e4bbccfd4996cb3dc -> 
  custom:framework-win-MediaFoundation: 216162199b28c13a410421893ffa2e32 -> 
  custom:CustomObjectIndexerAttribute: 9a22284fe3817be447336de3de66b15e -> 
  custom:container-demuxer-webm: 4f35f7cbe854078d1ac9338744f61a02 -> 
  custom:container-muxer-webm: aa71ff27fc2769a1b78a27578f13a17b -> 
  custom:video-decoder-webm-vp8: 9c59270c3fd7afecdb556c50c9e8de78 -> 
  custom:SearchIndexIgnoredProperties: e643bd26f0fe6173181afceb89e7c659 -> 
  custom:AudioImporter_EditorPlatform: d09bf68614088b80899f8185d706f6e7 -> 
  custom:video-encoder-webm-vp8: eb34c28f22e8b96e1ab97ce403110664 -> 
  custom:audio-decoder-ogg-vorbis: bf7c407c2cedff20999df2af8eb42d56 -> 
  custom:audio-encoder-webm-vorbis: bf7c407c2cedff20999df2af8eb42d56 -> 
========================================================================
Received Import Request.
  Time since last request: 1741.027876 seconds.
  path: Assets/Quirky Series Ultimate/FREE/Animations/AC_Colobus.controller
  artifactKey: Guid(40a135c99fdce2c4eb95e8e306ed8d49) Importer(815301076,1909f56bfc062723c751e8b465ee728b)
Start importing Assets/Quirky Series Ultimate/FREE/Animations/AC_Colobus.controller using Guid(40a135c99fdce2c4eb95e8e306ed8d49) Importer(815301076,1909f56bfc062723c751e8b465ee728b)  -> (artifact id: 'cdca6b491bab3c1114947089f0497a91') in 0.051600 seconds
Number of updated asset objects reloaded before import = 0
Number of asset objects unloaded after import = 81
========================================================================
Received Import Request.
  Time since last request: 65.094815 seconds.
  path: Assets/Quirky Series Ultimate/FREE/Animations/AC_Herring.controller
  artifactKey: Guid(63d47b8153b834c49b583764921e7df6) Importer(815301076,1909f56bfc062723c751e8b465ee728b)
Start importing Assets/Quirky Series Ultimate/FREE/Animations/AC_Herring.controller using Guid(63d47b8153b834c49b583764921e7df6) Importer(815301076,1909f56bfc062723c751e8b465ee728b)  -> (artifact id: '98a1bb5018a33b04b3ddcaaf2673765c') in 0.040414 seconds
Number of updated asset objects reloaded before import = 0
Number of asset objects unloaded after import = 79
========================================================================
Received Import Request.
  Time since last request: 205.371530 seconds.
  path: Assets/Quirky Series Ultimate/FREE/Animations/AC_Squid.controller
  artifactKey: Guid(c04a570a28d92374d8ad58a6c654aa1a) Importer(815301076,1909f56bfc062723c751e8b465ee728b)
Start importing Assets/Quirky Series Ultimate/FREE/Animations/AC_Squid.controller using Guid(c04a570a28d92374d8ad58a6c654aa1a) Importer(815301076,1909f56bfc062723c751e8b465ee728b)  -> (artifact id: '789f545ee76f377b5a006a9654fa4ce7') in 0.041591 seconds
Number of updated asset objects reloaded before import = 0
Number of asset objects unloaded after import = 79
========================================================================
Received Prepare
Begin MonoManager ReloadAssembly
- Loaded All Assemblies, in  0.371 seconds
Refreshing native plugins compatible for Editor in 2.65 ms, found 3 plugins.
Native extension for UWP target not found
Native extension for WindowsStandalone target not found
[Package Manager] Server::EnsureServerProcessIsRunning -- launch failed, reason: Unity was launched with the -noUpm command-line argument
[Package Manager] UpmClient::Send -- Unable to send message (not connected to UPM process).
[Package Manager] Cannot connect to Unity Package Manager local server
Mono: successfully reloaded assembly
- Finished resetting the current domain, in  0.777 seconds
Domain Reload Profiling: 1148ms
	BeginReloadAssembly (141ms)
		ExecutionOrderSort (0ms)
		DisableScriptedObjects (4ms)
		BackupInstance (0ms)
		ReleaseScriptingObjects (0ms)
		CreateAndSetChildDomain (31ms)
	RebuildCommonClasses (32ms)
	RebuildNativeTypeToScriptingClass (10ms)
	initialDomainReloadingComplete (22ms)
	LoadAllAssembliesAndSetupDomain (165ms)
		LoadAssemblies (232ms)
		RebuildTransferFunctionScriptingTraits (0ms)
		AnalyzeDomain (13ms)
			TypeCache.Refresh (6ms)
				TypeCache.ScanAssembly (0ms)
			ScanForSourceGeneratedMonoScriptInfo (0ms)
			ResolveRequiredComponents (5ms)
	FinalizeReload (777ms)
		ReleaseScriptCaches (0ms)
		RebuildScriptCaches (0ms)
		SetupLoadedEditorAssemblies (399ms)
			LogAssemblyErrors (0ms)
			InitializePlatformSupportModulesInManaged (5ms)
			SetLoadedEditorAssemblies (3ms)
			RefreshPlugins (0ms)
			BeforeProcessingInitializeOnLoad (47ms)
			ProcessInitializeOnLoadAttributes (318ms)
			ProcessInitializeOnLoadMethodAttributes (22ms)
			AfterProcessingInitializeOnLoad (4ms)
			EditorAssembliesLoaded (0ms)
		ExecutionOrderSort2 (0ms)
		AwakeInstancesAfterBackupRestoration (13ms)
Refreshing native plugins compatible for Editor in 2.65 ms, found 3 plugins.
Preloading 0 native plugins for Editor in 0.00 ms.
Unloading 3101 Unused Serialized files (Serialized files now loaded: 0)
Unloading 24 unused Assets / (31.7 KB). Loaded Objects now: 3582.
Memory consumption went from 124.8 MB to 124.8 MB.
Total: 2.815500 ms (FindLiveObjects: 0.285800 ms CreateObjectMapping: 0.232700 ms MarkObjects: 2.227100 ms  DeleteObjects: 0.069000 ms)

Prepare: number of updated asset objects reloaded= 0
AssetImportParameters requested are different than current active one (requested -> active):
  custom:container-demuxer-ogg: 62fdf1f143b41e24485cea50d1cbac27 -> 
  custom:video-decoder-ogg-theora: a1e56fd34408186e4bbccfd4996cb3dc -> 
  custom:framework-win-MediaFoundation: 216162199b28c13a410421893ffa2e32 -> 
  custom:CustomObjectIndexerAttribute: 9a22284fe3817be447336de3de66b15e -> 
  custom:container-demuxer-webm: 4f35f7cbe854078d1ac9338744f61a02 -> 
  custom:container-muxer-webm: aa71ff27fc2769a1b78a27578f13a17b -> 
  custom:video-decoder-webm-vp8: 9c59270c3fd7afecdb556c50c9e8de78 -> 
  custom:SearchIndexIgnoredProperties: e643bd26f0fe6173181afceb89e7c659 -> 
  custom:AudioImporter_EditorPlatform: d09bf68614088b80899f8185d706f6e7 -> 
  custom:video-encoder-webm-vp8: eb34c28f22e8b96e1ab97ce403110664 -> 
  custom:audio-decoder-ogg-vorbis: bf7c407c2cedff20999df2af8eb42d56 -> 
  custom:audio-encoder-webm-vorbis: bf7c407c2cedff20999df2af8eb42d56 -> 
========================================================================
Received Import Request.
  Time since last request: 78.058689 seconds.
  path: Assets/MainGame/Prefabs/Black.prefab
  artifactKey: Guid(7e11e78c695eeb947a2e2619a8a5c883) Importer(815301076,1909f56bfc062723c751e8b465ee728b)
Start importing Assets/MainGame/Prefabs/Black.prefab using Guid(7e11e78c695eeb947a2e2619a8a5c883) Importer(815301076,1909f56bfc062723c751e8b465ee728b)  -> (artifact id: '083339908ca7f9e7c7a70c61f9b2aac0') in 0.094448 seconds
Number of updated asset objects reloaded before import = 0
Number of asset objects unloaded after import = 19
========================================================================
Received Import Request.
  Time since last request: 31.149008 seconds.
  path: Assets/MainGame/Hovl Studio/Magic effects pack
  artifactKey: Guid(ccaf0d0261bfcfe4f874cb02d8931eb9) Importer(815301076,1909f56bfc062723c751e8b465ee728b)
Start importing Assets/MainGame/Hovl Studio/Magic effects pack using Guid(ccaf0d0261bfcfe4f874cb02d8931eb9) Importer(815301076,1909f56bfc062723c751e8b465ee728b)  -> (artifact id: '0127b18604a08d34bb1105ee6cd09054') in 0.000475 seconds
Number of updated asset objects reloaded before import = 0
Number of asset objects unloaded after import = 0
========================================================================
Received Import Request.
  Time since last request: 1.446620 seconds.
  path: Assets/MainGame/Hovl Studio/Magic effects pack/Prefabs
  artifactKey: Guid(30f354b2984b43147b902803fe8a4ce7) Importer(815301076,1909f56bfc062723c751e8b465ee728b)
Start importing Assets/MainGame/Hovl Studio/Magic effects pack/Prefabs using Guid(30f354b2984b43147b902803fe8a4ce7) Importer(815301076,1909f56bfc062723c751e8b465ee728b)  -> (artifact id: '9acb98061767bb830d947d6969b8d6da') in 0.000371 seconds
Number of updated asset objects reloaded before import = 0
Number of asset objects unloaded after import = 0
========================================================================
Received Import Request.
  Time since last request: 2.070952 seconds.
  path: Assets/MainGame/Hovl Studio/Magic effects pack/Prefabs/AoE effects
  artifactKey: Guid(f0e78b2e61a2b2f40bf0a0be9e842772) Importer(815301076,1909f56bfc062723c751e8b465ee728b)
Start importing Assets/MainGame/Hovl Studio/Magic effects pack/Prefabs/AoE effects using Guid(f0e78b2e61a2b2f40bf0a0be9e842772) Importer(815301076,1909f56bfc062723c751e8b465ee728b)  -> (artifact id: '92d5e3d2a5f794ff9311f7aa0355a8b5') in 0.000367 seconds
Number of updated asset objects reloaded before import = 0
Number of asset objects unloaded after import = 0
========================================================================
Received Import Request.
  Time since last request: 0.102938 seconds.
  path: Assets/MainGame/Hovl Studio/Magic effects pack/Prefabs/AoE effects/AoE slash blue.prefab
  artifactKey: Guid(035ce8c9cfc34104991ce416daf8aebe) Importer(815301076,1909f56bfc062723c751e8b465ee728b)
Start importing Assets/MainGame/Hovl Studio/Magic effects pack/Prefabs/AoE effects/AoE slash blue.prefab using Guid(035ce8c9cfc34104991ce416daf8aebe) Importer(815301076,1909f56bfc062723c751e8b465ee728b)  -> (artifact id: '530e51909d61069baaae6c0f78cd93a2') in 0.027868 seconds
Number of updated asset objects reloaded before import = 0
Number of asset objects unloaded after import = 34
========================================================================
Received Import Request.
  Time since last request: 0.000023 seconds.
  path: Assets/MainGame/Hovl Studio/Magic effects pack/Prefabs/AoE effects/Laser AOE.prefab
  artifactKey: Guid(4d3c8045dd8857a4b8d34c2361c61045) Importer(815301076,1909f56bfc062723c751e8b465ee728b)
Start importing Assets/MainGame/Hovl Studio/Magic effects pack/Prefabs/AoE effects/Laser AOE.prefab using Guid(4d3c8045dd8857a4b8d34c2361c61045) Importer(815301076,1909f56bfc062723c751e8b465ee728b)  -> (artifact id: '2fc51fa65d782f2f6779df28589484c2') in 0.047270 seconds
Number of updated asset objects reloaded before import = 0
Number of asset objects unloaded after import = 62
========================================================================
Received Import Request.
  Time since last request: 53.391536 seconds.
  path: Assets/MainGame/Hovl Studio/Magic effects pack/Materials/Slash.mat
  artifactKey: Guid(8b3cc142b0783eb40be02cde5b31ca6a) Importer(815301076,1909f56bfc062723c751e8b465ee728b)
Start importing Assets/MainGame/Hovl Studio/Magic effects pack/Materials/Slash.mat using Guid(8b3cc142b0783eb40be02cde5b31ca6a) Importer(815301076,1909f56bfc062723c751e8b465ee728b)  -> (artifact id: '9bac369c11757036a502caf7d3fc6732') in 0.036494 seconds
Number of updated asset objects reloaded before import = 0
Number of asset objects unloaded after import = 2
========================================================================
Received Import Request.
  Time since last request: 12.044095 seconds.
  path: Assets/MainGame/Hovl Studio/Magic effects pack/Materials/Point.mat
  artifactKey: Guid(e546d2d7171981b468cf29388d902e99) Importer(815301076,1909f56bfc062723c751e8b465ee728b)
Start importing Assets/MainGame/Hovl Studio/Magic effects pack/Materials/Point.mat using Guid(e546d2d7171981b468cf29388d902e99) Importer(815301076,1909f56bfc062723c751e8b465ee728b)  -> (artifact id: '83ba9337d572d30b0182ec4555be141d') in 0.011723 seconds
Number of updated asset objects reloaded before import = 0
Number of asset objects unloaded after import = 2
========================================================================
Received Import Request.
  Time since last request: 16.654357 seconds.
  path: Assets/MainGame/Hovl Studio/Magic effects pack/Materials/Circle.mat
  artifactKey: Guid(4bab0f95134663b4c9c3dd73939c0ff1) Importer(815301076,1909f56bfc062723c751e8b465ee728b)
Start importing Assets/MainGame/Hovl Studio/Magic effects pack/Materials/Circle.mat using Guid(4bab0f95134663b4c9c3dd73939c0ff1) Importer(815301076,1909f56bfc062723c751e8b465ee728b)  -> (artifact id: 'e11699f5d0ec3308ca1d4b874fc65dc5') in 0.012740 seconds
Number of updated asset objects reloaded before import = 0
Number of asset objects unloaded after import = 2
========================================================================
Received Import Request.
  Time since last request: 48.248910 seconds.
  path: Assets/MainGame/Hovl Studio/Magic effects pack/Materials/MagicCircle2.mat
  artifactKey: Guid(b56ee68f36d76a648a742b6874f4d4a4) Importer(815301076,1909f56bfc062723c751e8b465ee728b)
Start importing Assets/MainGame/Hovl Studio/Magic effects pack/Materials/MagicCircle2.mat using Guid(b56ee68f36d76a648a742b6874f4d4a4) Importer(815301076,1909f56bfc062723c751e8b465ee728b)  -> (artifact id: '02d192a32ea6aecc8f6f952be74e8d4a') in 0.011987 seconds
Number of updated asset objects reloaded before import = 0
Number of asset objects unloaded after import = 2
========================================================================
Received Import Request.
  Time since last request: 498.819166 seconds.
  path: Assets/MainGame/Textures/Vampire_diffuse.png
  artifactKey: Guid(5bfb475bd46758744845c85155cd9bd9) Importer(815301076,1909f56bfc062723c751e8b465ee728b)
Start importing Assets/MainGame/Textures/Vampire_diffuse.png using Guid(5bfb475bd46758744845c85155cd9bd9) Importer(815301076,1909f56bfc062723c751e8b465ee728b)  -> (artifact id: '4dff427ae41753e8b0666c4da7bed77f') in 0.031547 seconds
Number of updated asset objects reloaded before import = 0
Number of asset objects unloaded after import = 2
========================================================================
Received Import Request.
  Time since last request: 0.014021 seconds.
  path: Assets/MainGame/Textures/Vampire_normal.png
  artifactKey: Guid(60e078f9ec3add54da929ff466b22b53) Importer(815301076,1909f56bfc062723c751e8b465ee728b)
Start importing Assets/MainGame/Textures/Vampire_normal.png using Guid(60e078f9ec3add54da929ff466b22b53) Importer(815301076,1909f56bfc062723c751e8b465ee728b)  -> (artifact id: 'a5a33f35d31406cc202327338cdfc54d') in 0.034498 seconds
Number of updated asset objects reloaded before import = 0
Number of asset objects unloaded after import = 2
========================================================================
Received Import Request.
  Time since last request: 0.000024 seconds.
  path: Assets/MainGame/Textures/Vampire_emission.png
  artifactKey: Guid(2a7b528a53bd2b14b90240cf873f0ec4) Importer(815301076,1909f56bfc062723c751e8b465ee728b)
Start importing Assets/MainGame/Textures/Vampire_emission.png using Guid(2a7b528a53bd2b14b90240cf873f0ec4) Importer(815301076,1909f56bfc062723c751e8b465ee728b)  -> (artifact id: 'f0c1fb193bd38640363e916c3a4c91bd') in 0.018178 seconds
Number of updated asset objects reloaded before import = 0
Number of asset objects unloaded after import = 2
========================================================================
Received Import Request.
  Time since last request: 14.550875 seconds.
  path: Assets/Quirky Series Ultimate/FREE/Prefabs/Colobus.prefab
  artifactKey: Guid(84b7c8441f160174fa5c6f94cf397f0a) Importer(815301076,1909f56bfc062723c751e8b465ee728b)
Start importing Assets/Quirky Series Ultimate/FREE/Prefabs/Colobus.prefab using Guid(84b7c8441f160174fa5c6f94cf397f0a) Importer(815301076,1909f56bfc062723c751e8b465ee728b)  -> (artifact id: '59c5e0aa1730b9d9af8f13faf81dc141') in 0.209914 seconds
Number of updated asset objects reloaded before import = 0
Number of asset objects unloaded after import = 130
========================================================================
Received Import Request.
  Time since last request: 0.000020 seconds.
  path: Assets/Quirky Series Ultimate/FREE/Prefabs/Squid.prefab
  artifactKey: Guid(818c5a1ba0d9810439f11299463f2294) Importer(815301076,1909f56bfc062723c751e8b465ee728b)
Start importing Assets/Quirky Series Ultimate/FREE/Prefabs/Squid.prefab using Guid(818c5a1ba0d9810439f11299463f2294) Importer(815301076,1909f56bfc062723c751e8b465ee728b)  -> (artifact id: '7eca83ff03679e322715c3a7572e1ff3') in 0.102216 seconds
Number of updated asset objects reloaded before import = 0
Number of asset objects unloaded after import = 144
========================================================================
Received Import Request.
  Time since last request: 0.000031 seconds.
  path: Assets/Quirky Series Ultimate/FREE/Prefabs/Pudu.prefab
  artifactKey: Guid(252ba5fa5d8167e42af72cf97baa830e) Importer(815301076,1909f56bfc062723c751e8b465ee728b)
Start importing Assets/Quirky Series Ultimate/FREE/Prefabs/Pudu.prefab using Guid(252ba5fa5d8167e42af72cf97baa830e) Importer(815301076,1909f56bfc062723c751e8b465ee728b)  -> (artifact id: '586315aeb424407a4896bcc603524f8c') in 0.096432 seconds
Number of updated asset objects reloaded before import = 0
Number of asset objects unloaded after import = 128
========================================================================
Received Import Request.
  Time since last request: 10.473331 seconds.
  path: Assets/Low Poly Fire/Prefabs
  artifactKey: Guid(6cf31ac52873afc48bbdc1c3711f8539) Importer(815301076,1909f56bfc062723c751e8b465ee728b)
Start importing Assets/Low Poly Fire/Prefabs using Guid(6cf31ac52873afc48bbdc1c3711f8539) Importer(815301076,1909f56bfc062723c751e8b465ee728b)  -> (artifact id: '9940e39a5edadfe0e5aca03b2b12e552') in 0.000498 seconds
Number of updated asset objects reloaded before import = 0
Number of asset objects unloaded after import = 0
========================================================================
Received Import Request.
  Time since last request: 0.080926 seconds.
  path: Assets/Low Poly Fire/Prefabs/Blue-FireWood.prefab
  artifactKey: Guid(923791c7c386b014dab87eb63f30018d) Importer(815301076,1909f56bfc062723c751e8b465ee728b)
Start importing Assets/Low Poly Fire/Prefabs/Blue-FireWood.prefab using Guid(923791c7c386b014dab87eb63f30018d) Importer(815301076,1909f56bfc062723c751e8b465ee728b)  -> (artifact id: '39545dddbb2cae31b353c9bcbe7b3a62') in 0.267937 seconds
Number of updated asset objects reloaded before import = 0
Number of asset objects unloaded after import = 18
========================================================================
Received Import Request.
  Time since last request: 0.000022 seconds.
  path: Assets/Low Poly Fire/Prefabs/Pink-FireWood.prefab
  artifactKey: Guid(cfd52433c2081db47b83623fd9394d6f) Importer(815301076,1909f56bfc062723c751e8b465ee728b)
Start importing Assets/Low Poly Fire/Prefabs/Pink-FireWood.prefab using Guid(cfd52433c2081db47b83623fd9394d6f) Importer(815301076,1909f56bfc062723c751e8b465ee728b)  -> (artifact id: 'efa8184d1c2f06abad9608ab269fc910') in 0.017026 seconds
Number of updated asset objects reloaded before import = 0
Number of asset objects unloaded after import = 18
========================================================================
Received Import Request.
  Time since last request: 0.000031 seconds.
  path: Assets/Low Poly Fire/Prefabs/Yellow-FireWood.prefab
  artifactKey: Guid(8fcb9d2d43929c04f8c70c38581418d4) Importer(815301076,1909f56bfc062723c751e8b465ee728b)
Start importing Assets/Low Poly Fire/Prefabs/Yellow-FireWood.prefab using Guid(8fcb9d2d43929c04f8c70c38581418d4) Importer(815301076,1909f56bfc062723c751e8b465ee728b)  -> (artifact id: 'cd6a3fda44e72f79a6536d4a16021f14') in 0.017783 seconds
Number of updated asset objects reloaded before import = 0
Number of asset objects unloaded after import = 18
========================================================================
Received Import Request.
  Time since last request: 41.425891 seconds.
  path: Assets/Low Poly Fire/Prefabs/Fire_Pink.prefab
  artifactKey: Guid(69388161f1ca35e41b9a8ea9cde9044a) Importer(815301076,1909f56bfc062723c751e8b465ee728b)
Start importing Assets/Low Poly Fire/Prefabs/Fire_Pink.prefab using Guid(69388161f1ca35e41b9a8ea9cde9044a) Importer(815301076,1909f56bfc062723c751e8b465ee728b)  -> (artifact id: '56a2b6942ef7235e985ce78160b74a77') in 0.057567 seconds
Number of updated asset objects reloaded before import = 0
Number of asset objects unloaded after import = 7
========================================================================
Received Import Request.
  Time since last request: 0.023394 seconds.
  path: Assets/Low Poly Fire/Prefabs/Pink-FireWood.prefab
  artifactKey: Guid(cfd52433c2081db47b83623fd9394d6f) Importer(815301076,1909f56bfc062723c751e8b465ee728b)
Start importing Assets/Low Poly Fire/Prefabs/Pink-FireWood.prefab using Guid(cfd52433c2081db47b83623fd9394d6f) Importer(815301076,1909f56bfc062723c751e8b465ee728b)  -> (artifact id: 'bfc9f2481ebca87c2778acde1962715a') in 0.010502 seconds
Number of updated asset objects reloaded before import = 0
Number of asset objects unloaded after import = 24
========================================================================
Received Prepare
Begin MonoManager ReloadAssembly
- Loaded All Assemblies, in  0.371 seconds
Refreshing native plugins compatible for Editor in 3.24 ms, found 3 plugins.
Native extension for UWP target not found
Native extension for WindowsStandalone target not found
[Package Manager] Server::EnsureServerProcessIsRunning -- launch failed, reason: Unity was launched with the -noUpm command-line argument
[Package Manager] UpmClient::Send -- Unable to send message (not connected to UPM process).
[Package Manager] Cannot connect to Unity Package Manager local server
Mono: successfully reloaded assembly
- Finished resetting the current domain, in  0.766 seconds
Domain Reload Profiling: 1137ms
	BeginReloadAssembly (136ms)
		ExecutionOrderSort (0ms)
		DisableScriptedObjects (4ms)
		BackupInstance (0ms)
		ReleaseScriptingObjects (0ms)
		CreateAndSetChildDomain (31ms)
	RebuildCommonClasses (33ms)
	RebuildNativeTypeToScriptingClass (10ms)
	initialDomainReloadingComplete (27ms)
	LoadAllAssembliesAndSetupDomain (165ms)
		LoadAssemblies (225ms)
		RebuildTransferFunctionScriptingTraits (0ms)
		AnalyzeDomain (16ms)
			TypeCache.Refresh (7ms)
				TypeCache.ScanAssembly (0ms)
			ScanForSourceGeneratedMonoScriptInfo (0ms)
			ResolveRequiredComponents (8ms)
	FinalizeReload (766ms)
		ReleaseScriptCaches (0ms)
		RebuildScriptCaches (0ms)
		SetupLoadedEditorAssemblies (397ms)
			LogAssemblyErrors (0ms)
			InitializePlatformSupportModulesInManaged (5ms)
			SetLoadedEditorAssemblies (3ms)
			RefreshPlugins (0ms)
			BeforeProcessingInitializeOnLoad (51ms)
			ProcessInitializeOnLoadAttributes (312ms)
			ProcessInitializeOnLoadMethodAttributes (23ms)
			AfterProcessingInitializeOnLoad (3ms)
			EditorAssembliesLoaded (0ms)
		ExecutionOrderSort2 (0ms)
		AwakeInstancesAfterBackupRestoration (13ms)
Refreshing native plugins compatible for Editor in 2.51 ms, found 3 plugins.
Preloading 0 native plugins for Editor in 0.00 ms.
Unloading 3101 Unused Serialized files (Serialized files now loaded: 0)
Unloading 26 unused Assets / (32.6 KB). Loaded Objects now: 3632.
Memory consumption went from 131.2 MB to 131.2 MB.
Total: 2.752300 ms (FindLiveObjects: 0.336300 ms CreateObjectMapping: 0.217600 ms MarkObjects: 2.129400 ms  DeleteObjects: 0.068400 ms)

Prepare: number of updated asset objects reloaded= 0
AssetImportParameters requested are different than current active one (requested -> active):
  custom:container-demuxer-ogg: 62fdf1f143b41e24485cea50d1cbac27 -> 
  custom:video-decoder-ogg-theora: a1e56fd34408186e4bbccfd4996cb3dc -> 
  custom:framework-win-MediaFoundation: 216162199b28c13a410421893ffa2e32 -> 
  custom:CustomObjectIndexerAttribute: 9a22284fe3817be447336de3de66b15e -> 
  custom:container-demuxer-webm: 4f35f7cbe854078d1ac9338744f61a02 -> 
  custom:container-muxer-webm: aa71ff27fc2769a1b78a27578f13a17b -> 
  custom:video-decoder-webm-vp8: 9c59270c3fd7afecdb556c50c9e8de78 -> 
  custom:SearchIndexIgnoredProperties: e643bd26f0fe6173181afceb89e7c659 -> 
  custom:AudioImporter_EditorPlatform: d09bf68614088b80899f8185d706f6e7 -> 
  custom:video-encoder-webm-vp8: eb34c28f22e8b96e1ab97ce403110664 -> 
  custom:audio-decoder-ogg-vorbis: bf7c407c2cedff20999df2af8eb42d56 -> 
  custom:audio-encoder-webm-vorbis: bf7c407c2cedff20999df2af8eb42d56 -> 
========================================================================
Received Import Request.
  Time since last request: 1488.195878 seconds.
  path: Assets/LiteFireEffect/Prafab
  artifactKey: Guid(3d1c809608c478448b34d21c965ca08f) Importer(815301076,1909f56bfc062723c751e8b465ee728b)
Start importing Assets/LiteFireEffect/Prafab using Guid(3d1c809608c478448b34d21c965ca08f) Importer(815301076,1909f56bfc062723c751e8b465ee728b)  -> (artifact id: 'e1af35990bf3131bdebcc1b0e2a31dea') in 0.001897 seconds
Number of updated asset objects reloaded before import = 0
Number of asset objects unloaded after import = 0
========================================================================
Received Import Request.
  Time since last request: 0.066415 seconds.
  path: Assets/LiteFireEffect/Prafab/BaseFire000.prefab
  artifactKey: Guid(4dd6c2b5539220947a0c5938f0a39d20) Importer(815301076,1909f56bfc062723c751e8b465ee728b)
Start importing Assets/LiteFireEffect/Prafab/BaseFire000.prefab using Guid(4dd6c2b5539220947a0c5938f0a39d20) Importer(815301076,1909f56bfc062723c751e8b465ee728b)  -> (artifact id: '175fa96286ad124136fdbda4bac276d3') in 0.133653 seconds
Number of updated asset objects reloaded before import = 0
Number of asset objects unloaded after import = 43
========================================================================
Received Import Request.
  Time since last request: 0.000014 seconds.
  path: Assets/LiteFireEffect/Prafab/BaseFire002.prefab
  artifactKey: Guid(d6fbdf6c39d58e64f97bf634c9af697e) Importer(815301076,1909f56bfc062723c751e8b465ee728b)
Start importing Assets/LiteFireEffect/Prafab/BaseFire002.prefab using Guid(d6fbdf6c39d58e64f97bf634c9af697e) Importer(815301076,1909f56bfc062723c751e8b465ee728b)  -> (artifact id: 'd83c22ac62a18f4ecc2359cc103aeff3') in 0.021140 seconds
Number of updated asset objects reloaded before import = 0
Number of asset objects unloaded after import = 39
========================================================================
Received Import Request.
  Time since last request: 0.000021 seconds.
  path: Assets/LiteFireEffect/Prafab/FireSkill003.prefab
  artifactKey: Guid(4b9e1e5074422484cb2d2aca777ef525) Importer(815301076,1909f56bfc062723c751e8b465ee728b)
Start importing Assets/LiteFireEffect/Prafab/FireSkill003.prefab using Guid(4b9e1e5074422484cb2d2aca777ef525) Importer(815301076,1909f56bfc062723c751e8b465ee728b)  -> (artifact id: '0cff3d65e60a4942500d69e51b2a9167') in 0.018550 seconds
Number of updated asset objects reloaded before import = 0
Number of asset objects unloaded after import = 84
========================================================================
Received Import Request.
  Time since last request: 51.339428 seconds.
  path: Assets/MainGame/Prefabs/FireBall.prefab
  artifactKey: Guid(def62d2f748b0434c90b99ccd437cdae) Importer(815301076,1909f56bfc062723c751e8b465ee728b)
Start importing Assets/MainGame/Prefabs/FireBall.prefab using Guid(def62d2f748b0434c90b99ccd437cdae) Importer(815301076,1909f56bfc062723c751e8b465ee728b)  -> (artifact id: 'd1c3ca0a2821ff3fc28b64580b292996') in 0.011528 seconds
Number of updated asset objects reloaded before import = 0
Number of asset objects unloaded after import = 18
========================================================================
Received Import Request.
  Time since last request: 9.016624 seconds.
  path: Assets/LiteFireEffect/Material/Base/Fire_Blended_01.mat
  artifactKey: Guid(693b618c5ed418849ab0797a9a0a9486) Importer(815301076,1909f56bfc062723c751e8b465ee728b)
Start importing Assets/LiteFireEffect/Material/Base/Fire_Blended_01.mat using Guid(693b618c5ed418849ab0797a9a0a9486) Importer(815301076,1909f56bfc062723c751e8b465ee728b)  -> (artifact id: '8330f2064560aa8f26a471c7398a4079') in 0.038226 seconds
Number of updated asset objects reloaded before import = 0
Number of asset objects unloaded after import = 1
========================================================================
Received Import Request.
  Time since last request: 45.750846 seconds.
  path: Assets/LiteFireEffect/Material/Skill/Boom_Add_01.mat
  artifactKey: Guid(6c42398dc1a90824f8aa09d8ee638bea) Importer(815301076,1909f56bfc062723c751e8b465ee728b)
Start importing Assets/LiteFireEffect/Material/Skill/Boom_Add_01.mat using Guid(6c42398dc1a90824f8aa09d8ee638bea) Importer(815301076,1909f56bfc062723c751e8b465ee728b)  -> (artifact id: 'ce94a559eb56d0c48940b60a8b060c3f') in 0.013289 seconds
Number of updated asset objects reloaded before import = 0
Number of asset objects unloaded after import = 3
========================================================================
Received Import Request.
  Time since last request: 2.426227 seconds.
  path: Assets/LiteFireEffect/Material/Skill/Smoke_Blend_03.mat
  artifactKey: Guid(9500792ffdb17bb4c96d612b3e6a48c1) Importer(815301076,1909f56bfc062723c751e8b465ee728b)
Start importing Assets/LiteFireEffect/Material/Skill/Smoke_Blend_03.mat using Guid(9500792ffdb17bb4c96d612b3e6a48c1) Importer(815301076,1909f56bfc062723c751e8b465ee728b)  -> (artifact id: 'f95360178ba77bf232427d6b71b864cd') in 0.031527 seconds
Number of updated asset objects reloaded before import = 0
Number of asset objects unloaded after import = 3
========================================================================
Received Import Request.
  Time since last request: 2.343336 seconds.
  path: Assets/LiteFireEffect/Material/Skill/Fire_Add_02.mat
  artifactKey: Guid(518448e73210c0b45b79add1e0974721) Importer(815301076,1909f56bfc062723c751e8b465ee728b)
Start importing Assets/LiteFireEffect/Material/Skill/Fire_Add_02.mat using Guid(518448e73210c0b45b79add1e0974721) Importer(815301076,1909f56bfc062723c751e8b465ee728b)  -> (artifact id: 'fa708a735e53436d6d1525fc3ff91560') in 0.012667 seconds
Number of updated asset objects reloaded before import = 0
Number of asset objects unloaded after import = 3
========================================================================
Received Import Request.
  Time since last request: 92.103234 seconds.
  path: Assets/LiteFireEffect/Material/Skill/Smoke_Blend_02.mat
  artifactKey: Guid(77ceef26433dd1d4c86238067c81b094) Importer(815301076,1909f56bfc062723c751e8b465ee728b)
Start importing Assets/LiteFireEffect/Material/Skill/Smoke_Blend_02.mat using Guid(77ceef26433dd1d4c86238067c81b094) Importer(815301076,1909f56bfc062723c751e8b465ee728b)  -> (artifact id: '398d611bd8d76bc0db09fda0a021de71') in 0.012828 seconds
Number of updated asset objects reloaded before import = 0
Number of asset objects unloaded after import = 3
========================================================================
Received Import Request.
  Time since last request: 5.129249 seconds.
  path: Assets/LiteFireEffect/Material/Skill/Star_Add_01.mat
  artifactKey: Guid(f384266af0482ed4488a054decd7f8a1) Importer(815301076,1909f56bfc062723c751e8b465ee728b)
Start importing Assets/LiteFireEffect/Material/Skill/Star_Add_01.mat using Guid(f384266af0482ed4488a054decd7f8a1) Importer(815301076,1909f56bfc062723c751e8b465ee728b)  -> (artifact id: '64ee9707d134b0f393007f72b5941ec4') in 0.011293 seconds
Number of updated asset objects reloaded before import = 0
Number of asset objects unloaded after import = 3
========================================================================
Received Import Request.
  Time since last request: 2.594402 seconds.
  path: Assets/LiteFireEffect/Material/Skill/Fire_Add_03.mat
  artifactKey: Guid(14da3e7b976e7314484467ac29acbec7) Importer(815301076,1909f56bfc062723c751e8b465ee728b)
Start importing Assets/LiteFireEffect/Material/Skill/Fire_Add_03.mat using Guid(14da3e7b976e7314484467ac29acbec7) Importer(815301076,1909f56bfc062723c751e8b465ee728b)  -> (artifact id: '1d8ad1a029731fddd3c0da40e3a234fc') in 0.012655 seconds
Number of updated asset objects reloaded before import = 0
Number of asset objects unloaded after import = 4
========================================================================
Received Import Request.
  Time since last request: 13.551031 seconds.
  path: Assets/LiteFireEffect/Prafab/FireSkill001.prefab
  artifactKey: Guid(e5afdf3b2a713724d9f02e11764c80e5) Importer(815301076,1909f56bfc062723c751e8b465ee728b)
Start importing Assets/LiteFireEffect/Prafab/FireSkill001.prefab using Guid(e5afdf3b2a713724d9f02e11764c80e5) Importer(815301076,1909f56bfc062723c751e8b465ee728b)  -> (artifact id: '49485e42907cb1cb8838cf83c0c74da5') in 0.011551 seconds
Number of updated asset objects reloaded before import = 0
Number of asset objects unloaded after import = 44
========================================================================
Received Import Request.
  Time since last request: 16.049078 seconds.
  path: Assets/LiteFireEffect/Prafab/FireSkill001.prefab
  artifactKey: Guid(e5afdf3b2a713724d9f02e11764c80e5) Importer(815301076,1909f56bfc062723c751e8b465ee728b)
Start importing Assets/LiteFireEffect/Prafab/FireSkill001.prefab using Guid(e5afdf3b2a713724d9f02e11764c80e5) Importer(815301076,1909f56bfc062723c751e8b465ee728b)  -> (artifact id: '0f9f1c99cc3e6812e12efa1ef9116038') in 0.010588 seconds
Number of updated asset objects reloaded before import = 0
Number of asset objects unloaded after import = 52
========================================================================
Received Import Request.
  Time since last request: 2.799691 seconds.
  path: Assets/LiteFireEffect/Prafab/FireSkill001.prefab
  artifactKey: Guid(e5afdf3b2a713724d9f02e11764c80e5) Importer(815301076,1909f56bfc062723c751e8b465ee728b)
Start importing Assets/LiteFireEffect/Prafab/FireSkill001.prefab using Guid(e5afdf3b2a713724d9f02e11764c80e5) Importer(815301076,1909f56bfc062723c751e8b465ee728b)  -> (artifact id: '4b96e8663238b8392956e39436e8af04') in 0.011154 seconds
Number of updated asset objects reloaded before import = 0
Number of asset objects unloaded after import = 42
========================================================================
Received Import Request.
  Time since last request: 7.467222 seconds.
  path: Assets/LiteFireEffect/Prafab/FireSkill001.prefab
  artifactKey: Guid(e5afdf3b2a713724d9f02e11764c80e5) Importer(815301076,1909f56bfc062723c751e8b465ee728b)
Start importing Assets/LiteFireEffect/Prafab/FireSkill001.prefab using Guid(e5afdf3b2a713724d9f02e11764c80e5) Importer(815301076,1909f56bfc062723c751e8b465ee728b)  -> (artifact id: 'dc0228cd045c2d8da9d420bccb8ed4bf') in 0.009848 seconds
Number of updated asset objects reloaded before import = 0
Number of asset objects unloaded after import = 28
========================================================================
Received Import Request.
  Time since last request: 3.419577 seconds.
  path: Assets/LiteFireEffect/Prafab/FireSkill001.prefab
  artifactKey: Guid(e5afdf3b2a713724d9f02e11764c80e5) Importer(815301076,1909f56bfc062723c751e8b465ee728b)
Start importing Assets/LiteFireEffect/Prafab/FireSkill001.prefab using Guid(e5afdf3b2a713724d9f02e11764c80e5) Importer(815301076,1909f56bfc062723c751e8b465ee728b)  -> (artifact id: '827661506970eb9257dff4386c0edcb4') in 0.018014 seconds
Number of updated asset objects reloaded before import = 0
Number of asset objects unloaded after import = 21
========================================================================
Received Import Request.
  Time since last request: 4.427348 seconds.
  path: Assets/LiteFireEffect/Prafab/FireSkill001.prefab
  artifactKey: Guid(e5afdf3b2a713724d9f02e11764c80e5) Importer(815301076,1909f56bfc062723c751e8b465ee728b)
Start importing Assets/LiteFireEffect/Prafab/FireSkill001.prefab using Guid(e5afdf3b2a713724d9f02e11764c80e5) Importer(815301076,1909f56bfc062723c751e8b465ee728b)  -> (artifact id: 'daa2ecd057cd549ddb328cc833640bba') in 0.007937 seconds
Number of updated asset objects reloaded before import = 0
Number of asset objects unloaded after import = 15
========================================================================
Received Import Request.
  Time since last request: 440.905092 seconds.
  path: Assets/ResilientLogicGames/FruitsLowPolyPackLite
  artifactKey: Guid(b80df5a0f741b6e498a1677867f4eb9a) Importer(815301076,1909f56bfc062723c751e8b465ee728b)
Start importing Assets/ResilientLogicGames/FruitsLowPolyPackLite using Guid(b80df5a0f741b6e498a1677867f4eb9a) Importer(815301076,1909f56bfc062723c751e8b465ee728b)  -> (artifact id: '0dfd66c44079d95bd1d072840be24ebb') in 0.000487 seconds
Number of updated asset objects reloaded before import = 0
Number of asset objects unloaded after import = 0
========================================================================
Received Import Request.
  Time since last request: 1.182768 seconds.
  path: Assets/ResilientLogicGames/FruitsLowPolyPackLite/Palettes
  artifactKey: Guid(a476a3d5473cf5940a46f7e8a957c7a0) Importer(815301076,1909f56bfc062723c751e8b465ee728b)
Start importing Assets/ResilientLogicGames/FruitsLowPolyPackLite/Palettes using Guid(a476a3d5473cf5940a46f7e8a957c7a0) Importer(815301076,1909f56bfc062723c751e8b465ee728b)  -> (artifact id: '8ef6ba2598825844ab59435d50d42372') in 0.000367 seconds
Number of updated asset objects reloaded before import = 0
Number of asset objects unloaded after import = 0
========================================================================
Received Import Request.
  Time since last request: 0.072791 seconds.
  path: Assets/ResilientLogicGames/FruitsLowPolyPackLite/Palettes/Palette256bitsGradient.png
  artifactKey: Guid(0d40b526cfdd7454593c3964b800dde1) Importer(815301076,1909f56bfc062723c751e8b465ee728b)
Start importing Assets/ResilientLogicGames/FruitsLowPolyPackLite/Palettes/Palette256bitsGradient.png using Guid(0d40b526cfdd7454593c3964b800dde1) Importer(815301076,1909f56bfc062723c751e8b465ee728b)  -> (artifact id: 'df390e6836f05fb7becbc7437b89484e') in 0.016309 seconds
Number of updated asset objects reloaded before import = 0
Number of asset objects unloaded after import = 2
========================================================================
Received Import Request.
  Time since last request: 1.351265 seconds.
  path: Assets/ResilientLogicGames/FruitsLowPolyPackLite/Models/Apple_LP.fbx
  artifactKey: Guid(42e8ffd05fc54364db01accdc94dd410) Importer(815301076,1909f56bfc062723c751e8b465ee728b)
Start importing Assets/ResilientLogicGames/FruitsLowPolyPackLite/Models/Apple_LP.fbx using Guid(42e8ffd05fc54364db01accdc94dd410) Importer(815301076,1909f56bfc062723c751e8b465ee728b)  -> (artifact id: '76dc19d3d6b35af3e1ac9204c678010e') in 0.037754 seconds
Number of updated asset objects reloaded before import = 0
Number of asset objects unloaded after import = 10
========================================================================
Received Import Request.
  Time since last request: 0.000020 seconds.
  path: Assets/ResilientLogicGames/FruitsLowPolyPackLite/Models/Pineapple_LP.fbx
  artifactKey: Guid(0104039ac122caf4dba5f314d06e7fef) Importer(815301076,1909f56bfc062723c751e8b465ee728b)
Start importing Assets/ResilientLogicGames/FruitsLowPolyPackLite/Models/Pineapple_LP.fbx using Guid(0104039ac122caf4dba5f314d06e7fef) Importer(815301076,1909f56bfc062723c751e8b465ee728b)  -> (artifact id: '6249dc818da5298b349556834af6d3c2') in 0.021570 seconds
Number of updated asset objects reloaded before import = 0
Number of asset objects unloaded after import = 10
========================================================================
Received Import Request.
  Time since last request: 0.000014 seconds.
  path: Assets/ResilientLogicGames/FruitsLowPolyPackLite/Models/Orange_LP.fbx
  artifactKey: Guid(f0064adfc7f2b204cbeef70b18ed99f2) Importer(815301076,1909f56bfc062723c751e8b465ee728b)
Start importing Assets/ResilientLogicGames/FruitsLowPolyPackLite/Models/Orange_LP.fbx using Guid(f0064adfc7f2b204cbeef70b18ed99f2) Importer(815301076,1909f56bfc062723c751e8b465ee728b)  -> (artifact id: 'd4339f765ac3f5df644d90f0eac4e0e2') in 0.021247 seconds
Number of updated asset objects reloaded before import = 0
Number of asset objects unloaded after import = 10
========================================================================
Received Import Request.
  Time since last request: 0.000026 seconds.
  path: Assets/ResilientLogicGames/FruitsLowPolyPackLite/Models/Pear_LP.fbx
  artifactKey: Guid(637bf040b15af5145aa7e3eed59e0687) Importer(815301076,1909f56bfc062723c751e8b465ee728b)
Start importing Assets/ResilientLogicGames/FruitsLowPolyPackLite/Models/Pear_LP.fbx using Guid(637bf040b15af5145aa7e3eed59e0687) Importer(815301076,1909f56bfc062723c751e8b465ee728b)  -> (artifact id: '23e823d834a74c00132fbbddb6d8d294') in 0.022525 seconds
Number of updated asset objects reloaded before import = 0
Number of asset objects unloaded after import = 10
Editor requested this worker to shutdown with reason: Scaling down because of idle timeout
TcpMessagingSession - receive error: operation aborted. errorcode: 995, details:        I/O  .
AssetImportWorker is now disconnected from the server
Process exiting
Exiting without the bug reporter. Application will terminate with return code 0