Using pre-set license
Built from '2022.3/staging' branch; Version is '2022.3.30f1 (70558241b701) revision 7361922'; Using compiler version '192829333'; Build Type 'Release'
OS: 'Windows 10  (10.0.19045) 64bit Professional' Language: 'ko' Physical Memory: 16314 MB
BatchMode: 1, IsHumanControllingUs: 0, StartBugReporterOnCrash: 0, Is64bit: 1, IsPro: 1

COMMAND LINE ARGUMENTS:
C:\Users\User\2022.3.30f1\Editor\Unity.exe
-adb2
-batchMode
-noUpm
-name
AssetImportWorker9
-projectPath
C:/Users/User/Desktop/AnimalPark/Game
-logFile
Logs/AssetImportWorker9.log
-srvPort
64576
Successfully changed project path to: C:/Users/User/Desktop/AnimalPark/Game
C:/Users/User/Desktop/AnimalPark/Game
[UnityMemory] Configuration Parameters - Can be set up in boot.config
    "memorysetup-bucket-allocator-granularity=16"
    "memorysetup-bucket-allocator-bucket-count=8"
    "memorysetup-bucket-allocator-block-size=33554432"
    "memorysetup-bucket-allocator-block-count=8"
    "memorysetup-main-allocator-block-size=16777216"
    "memorysetup-thread-allocator-block-size=16777216"
    "memorysetup-gfx-main-allocator-block-size=16777216"
    "memorysetup-gfx-thread-allocator-block-size=16777216"
    "memorysetup-cache-allocator-block-size=4194304"
    "memorysetup-typetree-allocator-block-size=2097152"
    "memorysetup-profiler-bucket-allocator-granularity=16"
    "memorysetup-profiler-bucket-allocator-bucket-count=8"
    "memorysetup-profiler-bucket-allocator-block-size=33554432"
    "memorysetup-profiler-bucket-allocator-block-count=8"
    "memorysetup-profiler-allocator-block-size=16777216"
    "memorysetup-profiler-editor-allocator-block-size=1048576"
    "memorysetup-temp-allocator-size-main=16777216"
    "memorysetup-job-temp-allocator-block-size=2097152"
    "memorysetup-job-temp-allocator-block-size-background=1048576"
    "memorysetup-job-temp-allocator-reduction-small-platforms=262144"
    "memorysetup-allocator-temp-initial-block-size-main=262144"
    "memorysetup-allocator-temp-initial-block-size-worker=262144"
    "memorysetup-temp-allocator-size-background-worker=32768"
    "memorysetup-temp-allocator-size-job-worker=262144"
    "memorysetup-temp-allocator-size-preload-manager=33554432"
    "memorysetup-temp-allocator-size-nav-mesh-worker=65536"
    "memorysetup-temp-allocator-size-audio-worker=65536"
    "memorysetup-temp-allocator-size-cloud-worker=32768"
    "memorysetup-temp-allocator-size-gi-baking-worker=262144"
    "memorysetup-temp-allocator-size-gfx=262144"
Player connection [19640] Host "[IP] 118.38.174.254 [Port] 0 [Flags] 2 [Guid] 2566597201 [EditorId] 2566597201 [Version] 1048832 [Id] WindowsEditor(7,DESKTOP-H29PI8H) [Debug] 1 [PackageName] WindowsEditor [ProjectName] Editor" joined multi-casting on [225.0.0.222:54997]...

Player connection [19640] Host "[IP] 118.38.174.254 [Port] 0 [Flags] 2 [Guid] 2566597201 [EditorId] 2566597201 [Version] 1048832 [Id] WindowsEditor(7,DESKTOP-H29PI8H) [Debug] 1 [PackageName] WindowsEditor [ProjectName] Editor" joined alternative multi-casting on [225.0.0.222:34997]...

[Physics::Module] Initialized MultithreadedJobDispatcher with 11 workers.
Refreshing native plugins compatible for Editor in 13.58 ms, found 3 plugins.
Preloading 0 native plugins for Editor in 0.00 ms.
Initialize engine version: 2022.3.30f1 (70558241b701)
[Subsystems] Discovering subsystems at path C:/Users/User/2022.3.30f1/Editor/Data/Resources/UnitySubsystems
[Subsystems] Discovering subsystems at path C:/Users/User/Desktop/AnimalPark/Game/Assets
GfxDevice: creating device client; threaded=0; jobified=0
Direct3D:
    Version:  Direct3D 11.0 [level 11.1]
    Renderer: NVIDIA GeForce GTX 1650 SUPER (ID=0x2187)
    Vendor:   NVIDIA
    VRAM:     3930 MB
    Driver:   32.0.15.6094
Initialize mono
Mono path[0] = 'C:/Users/User/2022.3.30f1/Editor/Data/Managed'
Mono path[1] = 'C:/Users/User/2022.3.30f1/Editor/Data/MonoBleedingEdge/lib/mono/unityjit-win32'
Mono config path = 'C:/Users/User/2022.3.30f1/Editor/Data/MonoBleedingEdge/etc'
Using monoOptions --debugger-agent=transport=dt_socket,embedding=1,server=y,suspend=n,address=127.0.0.1:56660
Begin MonoManager ReloadAssembly
Registering precompiled unity dll's ...
Register platform support module: C:/Users/User/2022.3.30f1/Editor/Data/PlaybackEngines/WindowsStandaloneSupport/UnityEditor.WindowsStandalone.Extensions.dll
Registered in 0.013427 seconds.
- Loaded All Assemblies, in  0.387 seconds
Native extension for WindowsStandalone target not found
Mono: successfully reloaded assembly
- Finished resetting the current domain, in  0.294 seconds
Domain Reload Profiling: 677ms
	BeginReloadAssembly (132ms)
		ExecutionOrderSort (0ms)
		DisableScriptedObjects (0ms)
		BackupInstance (0ms)
		ReleaseScriptingObjects (0ms)
		CreateAndSetChildDomain (1ms)
	RebuildCommonClasses (35ms)
	RebuildNativeTypeToScriptingClass (11ms)
	initialDomainReloadingComplete (70ms)
	LoadAllAssembliesAndSetupDomain (134ms)
		LoadAssemblies (129ms)
		RebuildTransferFunctionScriptingTraits (0ms)
		AnalyzeDomain (132ms)
			TypeCache.Refresh (131ms)
				TypeCache.ScanAssembly (117ms)
			ScanForSourceGeneratedMonoScriptInfo (0ms)
			ResolveRequiredComponents (0ms)
	FinalizeReload (294ms)
		ReleaseScriptCaches (0ms)
		RebuildScriptCaches (0ms)
		SetupLoadedEditorAssemblies (234ms)
			LogAssemblyErrors (0ms)
			InitializePlatformSupportModulesInManaged (13ms)
			SetLoadedEditorAssemblies (8ms)
			RefreshPlugins (0ms)
			BeforeProcessingInitializeOnLoad (2ms)
			ProcessInitializeOnLoadAttributes (153ms)
			ProcessInitializeOnLoadMethodAttributes (57ms)
			AfterProcessingInitializeOnLoad (0ms)
			EditorAssembliesLoaded (0ms)
		ExecutionOrderSort2 (0ms)
		AwakeInstancesAfterBackupRestoration (0ms)
========================================================================
Worker process is ready to serve import requests
Begin MonoManager ReloadAssembly
- Loaded All Assemblies, in  0.695 seconds
Refreshing native plugins compatible for Editor in 6.17 ms, found 3 plugins.
Native extension for WindowsStandalone target not found
Package Manager log level set to [2]
[Package Manager] Server::EnsureServerProcessIsRunning -- launch failed, reason: Unity was launched with the -noUpm command-line argument
[Package Manager] UpmClient::Send -- Unable to send message (not connected to UPM process).
[Package Manager] Cannot connect to Unity Package Manager local server
Mono: successfully reloaded assembly
- Finished resetting the current domain, in  0.643 seconds
Domain Reload Profiling: 1331ms
	BeginReloadAssembly (168ms)
		ExecutionOrderSort (0ms)
		DisableScriptedObjects (8ms)
		BackupInstance (0ms)
		ReleaseScriptingObjects (0ms)
		CreateAndSetChildDomain (18ms)
	RebuildCommonClasses (35ms)
	RebuildNativeTypeToScriptingClass (11ms)
	initialDomainReloadingComplete (51ms)
	LoadAllAssembliesAndSetupDomain (423ms)
		LoadAssemblies (348ms)
		RebuildTransferFunctionScriptingTraits (0ms)
		AnalyzeDomain (180ms)
			TypeCache.Refresh (159ms)
				TypeCache.ScanAssembly (145ms)
			ScanForSourceGeneratedMonoScriptInfo (14ms)
			ResolveRequiredComponents (6ms)
	FinalizeReload (644ms)
		ReleaseScriptCaches (0ms)
		RebuildScriptCaches (0ms)
		SetupLoadedEditorAssemblies (492ms)
			LogAssemblyErrors (0ms)
			InitializePlatformSupportModulesInManaged (8ms)
			SetLoadedEditorAssemblies (4ms)
			RefreshPlugins (0ms)
			BeforeProcessingInitializeOnLoad (73ms)
			ProcessInitializeOnLoadAttributes (372ms)
			ProcessInitializeOnLoadMethodAttributes (20ms)
			AfterProcessingInitializeOnLoad (14ms)
			EditorAssembliesLoaded (0ms)
		ExecutionOrderSort2 (0ms)
		AwakeInstancesAfterBackupRestoration (14ms)
Launched and connected shader compiler UnityShaderCompiler.exe after 0.06 seconds
Refreshing native plugins compatible for Editor in 6.39 ms, found 3 plugins.
Preloading 0 native plugins for Editor in 0.00 ms.
Unloading 3151 Unused Serialized files (Serialized files now loaded: 0)
Unloading 33 unused Assets / (57.9 KB). Loaded Objects now: 3624.
Memory consumption went from 129.8 MB to 129.7 MB.
Total: 3.110800 ms (FindLiveObjects: 0.247600 ms CreateObjectMapping: 0.215200 ms MarkObjects: 2.542500 ms  DeleteObjects: 0.104600 ms)

AssetImportParameters requested are different than current active one (requested -> active):
  custom:container-demuxer-ogg: 62fdf1f143b41e24485cea50d1cbac27 -> 
  custom:video-decoder-ogg-theora: a1e56fd34408186e4bbccfd4996cb3dc -> 
  custom:framework-win-MediaFoundation: 216162199b28c13a410421893ffa2e32 -> 
  custom:CustomObjectIndexerAttribute: 9a22284fe3817be447336de3de66b15e -> 
  custom:container-demuxer-webm: 4f35f7cbe854078d1ac9338744f61a02 -> 
  custom:container-muxer-webm: aa71ff27fc2769a1b78a27578f13a17b -> 
  custom:video-decoder-webm-vp8: 9c59270c3fd7afecdb556c50c9e8de78 -> 
  custom:SearchIndexIgnoredProperties: e643bd26f0fe6173181afceb89e7c659 -> 
  custom:AudioImporter_EditorPlatform: d09bf68614088b80899f8185d706f6e7 -> 
  custom:video-encoder-webm-vp8: eb34c28f22e8b96e1ab97ce403110664 -> 
  custom:audio-decoder-ogg-vorbis: bf7c407c2cedff20999df2af8eb42d56 -> 
  custom:audio-encoder-webm-vorbis: bf7c407c2cedff20999df2af8eb42d56 -> 
========================================================================
Received Import Request.
  Time since last request: 170187.211783 seconds.
  path: Assets/Update/Isometric Tower Defense Pack/Sprites/Road tiles/Desert biome/road_desert(3).png
  artifactKey: Guid(c7e24263be0c72d4ba905e92745b3450) Importer(815301076,1909f56bfc062723c751e8b465ee728b)
Start importing Assets/Update/Isometric Tower Defense Pack/Sprites/Road tiles/Desert biome/road_desert(3).png using Guid(c7e24263be0c72d4ba905e92745b3450) Importer(815301076,1909f56bfc062723c751e8b465ee728b)  -> (artifact id: '65af9af21edeeeb07a207de298a6a347') in 0.113341 seconds
Number of updated asset objects reloaded before import = 0
Number of asset objects unloaded after import = 3
========================================================================
Received Import Request.
  Time since last request: 0.601974 seconds.
  path: Assets/Update/Isometric Tower Defense Pack/Sprites/Road tiles/Spring biome/road_spring(3).png
  artifactKey: Guid(fcfc33eca47adc94da327dc1d8a301e7) Importer(815301076,1909f56bfc062723c751e8b465ee728b)
Start importing Assets/Update/Isometric Tower Defense Pack/Sprites/Road tiles/Spring biome/road_spring(3).png using Guid(fcfc33eca47adc94da327dc1d8a301e7) Importer(815301076,1909f56bfc062723c751e8b465ee728b)  -> (artifact id: '2fc3468ce113ec221fbb67f30873ad45') in 0.010518 seconds
Number of updated asset objects reloaded before import = 0
Number of asset objects unloaded after import = 3
========================================================================
Received Import Request.
  Time since last request: 0.000015 seconds.
  path: Assets/Update/Isometric Tower Defense Pack/Sprites/Road tiles/Spring biome/road_spring(12).png
  artifactKey: Guid(16d1f06c37b0e6e4abfaffebfa2d5fba) Importer(815301076,1909f56bfc062723c751e8b465ee728b)
Start importing Assets/Update/Isometric Tower Defense Pack/Sprites/Road tiles/Spring biome/road_spring(12).png using Guid(16d1f06c37b0e6e4abfaffebfa2d5fba) Importer(815301076,1909f56bfc062723c751e8b465ee728b)  -> (artifact id: 'bf890d897790e45399524653ca9533f9') in 0.010871 seconds
Number of updated asset objects reloaded before import = 0
Number of asset objects unloaded after import = 3
========================================================================
Received Import Request.
  Time since last request: 0.000019 seconds.
  path: Assets/Update/Isometric Tower Defense Pack/Sprites/Road tiles/Spring biome/road_spring(6).png
  artifactKey: Guid(f31c72aa92f107642ac5c6192956cb8e) Importer(815301076,1909f56bfc062723c751e8b465ee728b)
Start importing Assets/Update/Isometric Tower Defense Pack/Sprites/Road tiles/Spring biome/road_spring(6).png using Guid(f31c72aa92f107642ac5c6192956cb8e) Importer(815301076,1909f56bfc062723c751e8b465ee728b)  -> (artifact id: 'a0d6d31105fd175b6f0739238f493e54') in 0.010762 seconds
Number of updated asset objects reloaded before import = 0
Number of asset objects unloaded after import = 3
========================================================================
Received Import Request.
  Time since last request: 0.000028 seconds.
  path: Assets/Update/Isometric Tower Defense Pack/Sprites/Road tiles/Spring biome/road_spring(5).png
  artifactKey: Guid(48ba3c132d70e2e41b00cb1557d701e8) Importer(815301076,1909f56bfc062723c751e8b465ee728b)
Start importing Assets/Update/Isometric Tower Defense Pack/Sprites/Road tiles/Spring biome/road_spring(5).png using Guid(48ba3c132d70e2e41b00cb1557d701e8) Importer(815301076,1909f56bfc062723c751e8b465ee728b)  -> (artifact id: '49b976cbebcc417494016cc78e88a386') in 0.009935 seconds
Number of updated asset objects reloaded before import = 0
Number of asset objects unloaded after import = 3
========================================================================
Received Import Request.
  Time since last request: 0.414296 seconds.
  path: Assets/Update/Isometric Tower Defense Pack/Sprites/Road tiles/Winter biome/road_winter(3).png
  artifactKey: Guid(6b4294d41decf6245b47a0482e7bd0ad) Importer(815301076,1909f56bfc062723c751e8b465ee728b)
Start importing Assets/Update/Isometric Tower Defense Pack/Sprites/Road tiles/Winter biome/road_winter(3).png using Guid(6b4294d41decf6245b47a0482e7bd0ad) Importer(815301076,1909f56bfc062723c751e8b465ee728b)  -> (artifact id: 'd99595825edf61360bed4ba4144f8c4a') in 0.013822 seconds
Number of updated asset objects reloaded before import = 0
Number of asset objects unloaded after import = 3
========================================================================
Received Import Request.
  Time since last request: 0.000022 seconds.
  path: Assets/Update/Isometric Tower Defense Pack/Sprites/Road tiles/Winter biome/road_winter(8).png
  artifactKey: Guid(d56e52c42058ea44c8568ca6ecd9931a) Importer(815301076,1909f56bfc062723c751e8b465ee728b)
Start importing Assets/Update/Isometric Tower Defense Pack/Sprites/Road tiles/Winter biome/road_winter(8).png using Guid(d56e52c42058ea44c8568ca6ecd9931a) Importer(815301076,1909f56bfc062723c751e8b465ee728b)  -> (artifact id: '32da9d1bfb690e6136ab21a6702815f3') in 0.012760 seconds
Number of updated asset objects reloaded before import = 0
Number of asset objects unloaded after import = 3
========================================================================
Received Import Request.
  Time since last request: 0.000021 seconds.
  path: Assets/Update/Isometric Tower Defense Pack/Sprites/Road tiles/Winter biome/road_winter(7).png
  artifactKey: Guid(75764926cdf750f4184b5227959c72cc) Importer(815301076,1909f56bfc062723c751e8b465ee728b)
Start importing Assets/Update/Isometric Tower Defense Pack/Sprites/Road tiles/Winter biome/road_winter(7).png using Guid(75764926cdf750f4184b5227959c72cc) Importer(815301076,1909f56bfc062723c751e8b465ee728b)  -> (artifact id: '9603aa4fa0ca83d3e593f798b94c639e') in 0.012330 seconds
Number of updated asset objects reloaded before import = 0
Number of asset objects unloaded after import = 3
========================================================================
Received Import Request.
  Time since last request: 0.000022 seconds.
  path: Assets/Update/Isometric Tower Defense Pack/Sprites/Road tiles/Winter biome/road_winter(10).png
  artifactKey: Guid(90b05767c233208479f8c4ca186c0917) Importer(815301076,1909f56bfc062723c751e8b465ee728b)
Start importing Assets/Update/Isometric Tower Defense Pack/Sprites/Road tiles/Winter biome/road_winter(10).png using Guid(90b05767c233208479f8c4ca186c0917) Importer(815301076,1909f56bfc062723c751e8b465ee728b)  -> (artifact id: 'c6dd9b69196041ce78964fc455ee5dd6') in 0.010161 seconds
Number of updated asset objects reloaded before import = 0
Number of asset objects unloaded after import = 3
========================================================================
Received Import Request.
  Time since last request: 51.125803 seconds.
  path: Assets/Update/Isometric Tower Defense Pack/Sprites/Enviroument tiles/Winter biome/snow decoration/snow_decoration(4).png
  artifactKey: Guid(648071d341d4a0a44a813a503d0094a6) Importer(815301076,1909f56bfc062723c751e8b465ee728b)
Start importing Assets/Update/Isometric Tower Defense Pack/Sprites/Enviroument tiles/Winter biome/snow decoration/snow_decoration(4).png using Guid(648071d341d4a0a44a813a503d0094a6) Importer(815301076,1909f56bfc062723c751e8b465ee728b)  -> (artifact id: '971380f46821d99ecbaa20803ee51c6f') in 0.013527 seconds
Number of updated asset objects reloaded before import = 0
Number of asset objects unloaded after import = 3
========================================================================
Received Import Request.
  Time since last request: 0.000018 seconds.
  path: Assets/Update/Isometric Tower Defense Pack/Sprites/Enviroument tiles/Winter biome/snow decoration/snow_decoration(7).png
  artifactKey: Guid(53d30f288d928b848851d138e896e42a) Importer(815301076,1909f56bfc062723c751e8b465ee728b)
Start importing Assets/Update/Isometric Tower Defense Pack/Sprites/Enviroument tiles/Winter biome/snow decoration/snow_decoration(7).png using Guid(53d30f288d928b848851d138e896e42a) Importer(815301076,1909f56bfc062723c751e8b465ee728b)  -> (artifact id: 'da344f2bf682ae075fa371661f2cff0c') in 0.009751 seconds
Number of updated asset objects reloaded before import = 0
Number of asset objects unloaded after import = 3
Editor requested this worker to shutdown with reason: Scaling down because of idle timeout
TcpMessagingSession - receive error: operation aborted. errorcode: 995, details: 스레드 종료 또는 응용 프로그램 요청 때문에 I/O 작업이 취소되었습니다.
AssetImportWorker is now disconnected from the server
Process exiting
Exiting without the bug reporter. Application will terminate with return code 0